Mock Version: 1.2.10
Mock Version: 1.2.10
ENTER do(['bash', '--login', '-c', '/usr/bin/rpmbuild -bs --target x86_64 --nodeps /builddir/build/SPECS/diffutils.spec'], chrootPath='/var/lib/mock/f23-build-3512542-492911/root'shell=FalseprintOutput=Falseenv={'LANG': 'en_US.UTF-8', 'TERM': 'vt100', 'SHELL': '/bin/bash', 'PROMPT_COMMAND': 'printf "\x1b]0;<mock-chroot>\x07<mock-chroot>"', 'PATH': '/usr/bin:/bin:/usr/sbin:/sbin', 'HOME': '/builddir', 'HOSTNAME': 'mock'}gid=425user='mockbuild'timeout=86400logger=<mockbuild.trace_decorator.getLog object at 0x7fb73dbd68d0>uid=1000)
Executing command: ['bash', '--login', '-c', '/usr/bin/rpmbuild -bs --target x86_64 --nodeps /builddir/build/SPECS/diffutils.spec'] with env {'LANG': 'en_US.UTF-8', 'TERM': 'vt100', 'SHELL': '/bin/bash', 'PROMPT_COMMAND': 'printf "\x1b]0;<mock-chroot>\x07<mock-chroot>"', 'PATH': '/usr/bin:/bin:/usr/sbin:/sbin', 'HOME': '/builddir', 'HOSTNAME': 'mock'} and shell False
warning: Could not canonicalize hostname: buildvm-13.phx2.fedoraproject.org
Building target platforms: x86_64
Building for target x86_64
Wrote: /builddir/build/SRPMS/diffutils-3.3-11.fc23.src.rpm
Child return code was: 0
LEAVE do --> 

ENTER do(['bash', '--login', '-c', '/usr/bin/rpmbuild -bb --target x86_64 --nodeps  /builddir/build/SPECS/diffutils.spec '], chrootPath='/var/lib/mock/f23-build-3512542-492911/root'shell=FalseprintOutput=Falseenv={'LANG': 'en_US.UTF-8', 'TERM': 'vt100', 'SHELL': '/bin/bash', 'PROMPT_COMMAND': 'printf "\x1b]0;<mock-chroot>\x07<mock-chroot>"', 'PATH': '/usr/bin:/bin:/usr/sbin:/sbin', 'HOME': '/builddir', 'HOSTNAME': 'mock'}gid=425user='mockbuild'timeout=86400logger=<mockbuild.trace_decorator.getLog object at 0x7fb73dbd68d0>uid=1000)
Executing command: ['bash', '--login', '-c', '/usr/bin/rpmbuild -bb --target x86_64 --nodeps  /builddir/build/SPECS/diffutils.spec '] with env {'LANG': 'en_US.UTF-8', 'TERM': 'vt100', 'SHELL': '/bin/bash', 'PROMPT_COMMAND': 'printf "\x1b]0;<mock-chroot>\x07<mock-chroot>"', 'PATH': '/usr/bin:/bin:/usr/sbin:/sbin', 'HOME': '/builddir', 'HOSTNAME': 'mock'} and shell False
Building target platforms: x86_64
Building for target x86_64
Executing(%prep): /bin/sh -e /var/tmp/rpm-tmp.UbrvJl
+ umask 022
+ cd /builddir/build/BUILD
+ cd /builddir/build/BUILD
+ rm -rf diffutils-3.3
+ /usr/bin/xz -dc /builddir/build/SOURCES/diffutils-3.3.tar.xz
+ /usr/bin/tar -xf -
+ STATUS=0
+ '[' 0 -ne 0 ']'
+ cd diffutils-3.3
+ /usr/bin/chmod -Rf a+rX,u+w,g-w,o-w .
+ echo 'Patch #1 (diffutils-cmp-s-empty.patch):'
Patch #1 (diffutils-cmp-s-empty.patch):
+ /usr/bin/cat /builddir/build/SOURCES/diffutils-cmp-s-empty.patch
+ /usr/bin/patch -p1 -b --suffix .cmp-s-empty --fuzz=0
patching file src/cmp.c
Hunk #1 succeeded at 330 (offset 14 lines).
Patch #2 (diffutils-mkdir_p.patch):
+ echo 'Patch #2 (diffutils-mkdir_p.patch):'
+ /usr/bin/cat /builddir/build/SOURCES/diffutils-mkdir_p.patch
+ /usr/bin/patch -p1 -b --suffix .mkdir_p --fuzz=0
patching file po/Makefile.in.in
Patch #3 (diffutils-FILE....patch):
+ echo 'Patch #3 (diffutils-FILE....patch):'
+ /usr/bin/cat /builddir/build/SOURCES/diffutils-FILE....patch
+ /usr/bin/patch -p1 -b --suffix .FILE... --fuzz=0
patching file src/diff.c
Hunk #1 succeeded at 938 (offset -9 lines).
Patch #4 (diffutils-i18n.patch):
+ echo 'Patch #4 (diffutils-i18n.patch):'
+ /usr/bin/cat /builddir/build/SOURCES/diffutils-i18n.patch
+ /usr/bin/patch -p1 -b --suffix .i18n --fuzz=0
patching file src/diff.c
patching file src/diff.h
patching file src/io.c
patching file src/util.c
Patch #5 (diffutils-format-security.patch):
+ echo 'Patch #5 (diffutils-format-security.patch):'
+ /usr/bin/cat /builddir/build/SOURCES/diffutils-format-security.patch
+ /usr/bin/patch -p1 -b --suffix .format-security --fuzz=0
patching file gnulib-tests/test-xvasprintf.c
+ autoreconf
Unescaped left brace in regex is deprecated, passed through in regex; marked by <-- HERE in m/\${ <-- HERE ([^ \t=:+{}]+)}/ at /usr/bin/automake line 3936.
lib/gnulib.mk:2358: warning: source file 'unistr/u8-mbtoucr.c' is in a subdirectory,
lib/gnulib.mk:2358: but option 'subdir-objects' is disabled
lib/Makefile.am:29:   'lib/gnulib.mk' included from here
automake: warning: possible forward-incompatibility.
automake: At least a source file is in a subdirectory, but the 'subdir-objects'
automake: automake option hasn't been enabled.  For now, the corresponding output
automake: object file(s) will be placed in the top-level directory.  However,
automake: this behaviour will change in future Automake versions: they will
automake: unconditionally cause object files to be placed in the same subdirectory
automake: of the corresponding sources.
automake: You are advised to start using 'subdir-objects' option throughout your
automake: project, to avoid future incompatibilities.
lib/gnulib.mk:2366: warning: source file 'unistr/u8-uctomb.c' is in a subdirectory,
lib/gnulib.mk:2366: but option 'subdir-objects' is disabled
lib/Makefile.am:29:   'lib/gnulib.mk' included from here
lib/gnulib.mk:2366: warning: source file 'unistr/u8-uctomb-aux.c' is in a subdirectory,
lib/gnulib.mk:2366: but option 'subdir-objects' is disabled
lib/Makefile.am:29:   'lib/gnulib.mk' included from here
lib/gnulib.mk:2406: warning: source file 'uniwidth/width.c' is in a subdirectory,
lib/gnulib.mk:2406: but option 'subdir-objects' is disabled
lib/Makefile.am:29:   'lib/gnulib.mk' included from here
+ exit 0
Executing(%build): /bin/sh -e /var/tmp/rpm-tmp.rtWHTL
+ umask 022
+ cd /builddir/build/BUILD
+ cd diffutils-3.3
+ CFLAGS='-O2 -g -pipe -Wall -Werror=format-security -Wp,-D_FORTIFY_SOURCE=2 -fexceptions -fstack-protector-strong --param=ssp-buffer-size=4 -grecord-gcc-switches -specs=/usr/lib/rpm/redhat/redhat-hardened-cc1 -m64 -mtune=generic'
+ export CFLAGS
+ CXXFLAGS='-O2 -g -pipe -Wall -Werror=format-security -Wp,-D_FORTIFY_SOURCE=2 -fexceptions -fstack-protector-strong --param=ssp-buffer-size=4 -grecord-gcc-switches -specs=/usr/lib/rpm/redhat/redhat-hardened-cc1 -m64 -mtune=generic'
+ export CXXFLAGS
+ FFLAGS='-O2 -g -pipe -Wall -Werror=format-security -Wp,-D_FORTIFY_SOURCE=2 -fexceptions -fstack-protector-strong --param=ssp-buffer-size=4 -grecord-gcc-switches -specs=/usr/lib/rpm/redhat/redhat-hardened-cc1 -m64 -mtune=generic -I/usr/lib64/gfortran/modules'
+ export FFLAGS
+ FCFLAGS='-O2 -g -pipe -Wall -Werror=format-security -Wp,-D_FORTIFY_SOURCE=2 -fexceptions -fstack-protector-strong --param=ssp-buffer-size=4 -grecord-gcc-switches -specs=/usr/lib/rpm/redhat/redhat-hardened-cc1 -m64 -mtune=generic -I/usr/lib64/gfortran/modules'
+ export FCFLAGS
+ LDFLAGS='-Wl,-z,relro -specs=/usr/lib/rpm/redhat/redhat-hardened-ld'
+ export LDFLAGS
+ '[' 1 = 1 ']'
+++ dirname ./configure
++ find . -name config.guess -o -name config.sub
+ for i in '$(find $(dirname ./configure) -name config.guess -o -name config.sub)'
++ basename ./build-aux/config.sub
+ '[' -f /usr/lib/rpm/redhat/config.sub ']'
+ /usr/bin/rm -f ./build-aux/config.sub
++ basename ./build-aux/config.sub
+ /usr/bin/cp -fv /usr/lib/rpm/redhat/config.sub ./build-aux/config.sub
'/usr/lib/rpm/redhat/config.sub' -> './build-aux/config.sub'
+ for i in '$(find $(dirname ./configure) -name config.guess -o -name config.sub)'
++ basename ./build-aux/config.guess
+ '[' -f /usr/lib/rpm/redhat/config.guess ']'
+ /usr/bin/rm -f ./build-aux/config.guess
++ basename ./build-aux/config.guess
+ /usr/bin/cp -fv /usr/lib/rpm/redhat/config.guess ./build-aux/config.guess
'/usr/lib/rpm/redhat/config.guess' -> './build-aux/config.guess'
+ '[' 1 = 1 ']'
+ '[' x '!=' x-specs=/usr/lib/rpm/redhat/redhat-hardened-ld ']'
++ find . -name ltmain.sh
+ ./configure --build=x86_64-redhat-linux-gnu --host=x86_64-redhat-linux-gnu --program-prefix= --disable-dependency-tracking --prefix=/usr --exec-prefix=/usr --bindir=/usr/bin --sbindir=/usr/sbin --sysconfdir=/etc --datadir=/usr/share --includedir=/usr/include --libdir=/usr/lib64 --libexecdir=/usr/libexec --localstatedir=/var --sharedstatedir=/var/lib --mandir=/usr/share/man --infodir=/usr/share/info
checking for a BSD-compatible install... /usr/bin/install -c
checking whether build environment is sane... yes
checking for a thread-safe mkdir -p... /usr/bin/mkdir -p
checking for gawk... gawk
checking whether make sets $(MAKE)... yes
checking whether make supports nested variables... yes
checking whether make supports nested variables... (cached) yes
checking for gawk... (cached) gawk
checking for x86_64-redhat-linux-gnu-gcc... no
checking for gcc... gcc
checking whether the C compiler works... yes
checking for C compiler default output file name... a.out
checking for suffix of executables... 
checking whether we are cross compiling... no
checking for suffix of object files... o
checking whether we are using the GNU C compiler... yes
checking whether gcc accepts -g... yes
checking for gcc option to accept ISO C89... none needed
checking whether gcc understands -c and -o together... yes
checking for style of include used by make... GNU
checking dependency style of gcc... none
checking for x86_64-redhat-linux-gnu-ranlib... no
checking for ranlib... ranlib
checking how to run the C preprocessor... gcc -E
checking for grep that handles long lines and -e... /usr/bin/grep
checking for egrep... /usr/bin/grep -E
checking for Minix Amsterdam compiler... no
checking for x86_64-redhat-linux-gnu-ar... no
checking for ar... ar
checking for ANSI C header files... yes
checking for sys/types.h... yes
checking for sys/stat.h... yes
checking for stdlib.h... yes
checking for string.h... yes
checking for memory.h... yes
checking for strings.h... yes
checking for inttypes.h... yes
checking for stdint.h... yes
checking for unistd.h... yes
checking minix/config.h usability... no
checking minix/config.h presence... no
checking for minix/config.h... no
checking whether it is safe to define __EXTENSIONS__... yes
checking whether _XOPEN_SOURCE should be defined... no
checking build system type... x86_64-redhat-linux-gnu
checking host system type... x86_64-redhat-linux-gnu
checking for special C compiler options needed for large files... no
checking for _FILE_OFFSET_BITS value needed for large files... no
checking for gcc option to accept ISO C99... none needed
checking for gcc option to accept ISO Standard C... (cached) none needed
checking for size_t... yes
checking for working alloca.h... yes
checking for alloca... yes
checking whether <wchar.h> uses 'inline' correctly... yes
checking for btowc... yes
checking for setrlimit... yes
checking for sigaltstack... yes
checking for readlinkat... yes
checking for _set_invalid_parameter_handler... no
checking for fcntl... yes
checking for symlink... yes
checking for mempcpy... yes
checking for isblank... yes
checking for iswctype... yes
checking for mbsrtowcs... yes
checking for wmemchr... yes
checking for wmemcpy... yes
checking for wmempcpy... yes
checking for getdtablesize... yes
checking for gettimeofday... yes
checking for nanotime... no
checking for iswcntrl... yes
checking for iswblank... yes
checking for lstat... yes
checking for mbsinit... yes
checking for mbrtowc... yes
checking for mbslen... no
checking for mprotect... yes
checking for mkstemp... yes
checking for nl_langinfo... yes
checking for readlink... yes
checking for wcscoll... yes
checking for secure_getenv... yes
checking for sigaction... yes
checking for siginterrupt... yes
checking for tzset... yes
checking for strndup... yes
checking for strptime... yes
checking for strtoumax... yes
checking for localtime_r... yes
checking for vasnprintf... no
checking for snprintf... yes
checking for wcrtomb... yes
checking for wcwidth... yes
checking for newlocale... yes
checking for setenv... yes
checking for sleep... yes
checking for usleep... yes
checking for wctob... yes
checking for sigprocmask... yes
checking for strcasecoll... no
checking for stricoll... no
checking for nl_langinfo and CODESET... yes
checking for a traditional french locale... fr_FR
checking for ucontext.h... yes
checking for unistd.h... (cached) yes
checking for sys/socket.h... yes
checking for wctype.h... yes
checking for sys/stat.h... (cached) yes
checking for getopt.h... yes
checking for sys/time.h... yes
checking for iconv.h... yes
checking for wchar.h... yes
checking for stdint.h... (cached) yes
checking for inttypes.h... (cached) yes
checking for langinfo.h... yes
checking for xlocale.h... yes
checking for sys/mman.h... yes
checking for sys/param.h... yes
checking for strings.h... (cached) yes
checking for sys/wait.h... yes
checking for features.h... yes
checking for working C stack overflow detection... yes
checking for correct stack_t interpretation... yes
checking for precise C stack overflow detection... no
checking for ld used by gcc... /usr/bin/ld
checking if the linker (/usr/bin/ld) is GNU ld... yes
checking for shared library run path origin... done
checking for libsigsegv... no, consider installing GNU libsigsegv
checking whether // is distinct from /... no
checking whether the preprocessor supports include_next... yes
checking whether system header files limit the line length... no
checking for complete errno.h... yes
checking whether strerror_r is declared... yes
checking for strerror_r... yes
checking whether strerror_r returns char *... yes
checking for working fcntl.h... yes
checking for pid_t... yes
checking for mode_t... yes
checking for mbstate_t... yes
checking whether stat file-mode macros are broken... no
checking for nlink_t... yes
checking whether fchmodat is declared without a macro... yes
checking whether fstat is declared without a macro... yes
checking whether fstatat is declared without a macro... yes
checking whether futimens is declared without a macro... yes
checking whether lchmod is declared without a macro... yes
checking whether lstat is declared without a macro... yes
checking whether mkdirat is declared without a macro... yes
checking whether mkfifo is declared without a macro... yes
checking whether mkfifoat is declared without a macro... yes
checking whether mknod is declared without a macro... yes
checking whether mknodat is declared without a macro... yes
checking whether stat is declared without a macro... yes
checking whether utimensat is declared without a macro... yes
checking for getopt.h... (cached) yes
checking for getopt_long_only... yes
checking whether getopt is POSIX compatible... yes
checking for working GNU getopt function... yes
checking for working GNU getopt_long function... yes
checking whether getenv is declared... yes
checking for C/C++ restrict keyword... __restrict
checking for struct timeval... yes
checking for wide-enough struct timeval.tv_sec member... yes
checking whether gettimeofday is declared without a macro... yes
checking for iconv... yes
checking for working iconv... yes
checking for iconv declaration... 
         extern size_t iconv (iconv_t cd, char * *inbuf, size_t *inbytesleft, char * *outbuf, size_t *outbytesleft);
checking for inline... inline
checking for off_t... yes
checking for unsigned long long int... yes
checking for long long int... yes
checking whether stdint.h conforms to C99... yes
checking whether imaxabs is declared without a macro... yes
checking whether imaxdiv is declared without a macro... yes
checking whether strtoimax is declared without a macro... yes
checking whether strtoumax is declared without a macro... yes
checking for inttypes.h... (cached) yes
checking whether the inttypes.h PRIxNN macros are broken... no
checking for wint_t... yes
checking whether iswcntrl works... yes
checking for towlower... yes
checking for wctype_t... yes
checking for wctrans_t... yes
checking whether wctype is declared without a macro... yes
checking whether iswctype is declared without a macro... yes
checking whether wctrans is declared without a macro... yes
checking whether towctrans is declared without a macro... yes
checking whether getc_unlocked is declared... yes
checking whether we are using the GNU C Library >= 2.1 or uClibc... yes
checking for wchar_t... yes
checking whether NULL can be used in arbitrary expressions... yes
checking whether lstat correctly handles trailing slash... yes
checking whether malloc, realloc, calloc are POSIX compliant... yes
checking for stdlib.h... (cached) yes
checking for GNU libc compatible malloc... yes
checking for a traditional japanese locale... ja_JP
checking for a transitional chinese locale... zh_CN.GB18030
checking for a french Unicode locale... fr_FR.UTF-8
checking for mmap... yes
checking for MAP_ANONYMOUS... yes
checking whether memchr works... yes
checking whether alarm is declared... yes
checking for promoted mode_t type... mode_t
checking for sigset_t... yes
checking for uid_t in sys/types.h... yes
checking for stdbool.h that conforms to C99... yes
checking for _Bool... yes
checking whether strerror(0) succeeds... yes
checking whether struct tm is in sys/time.h or time.h... time.h
checking for struct tm.tm_zone... yes
checking for struct tm.tm_gmtoff... yes
checking whether ffsl is declared without a macro... yes
checking whether ffsll is declared without a macro... yes
checking whether memmem is declared without a macro... yes
checking whether mempcpy is declared without a macro... yes
checking whether memrchr is declared without a macro... yes
checking whether rawmemchr is declared without a macro... yes
checking whether stpcpy is declared without a macro... yes
checking whether stpncpy is declared without a macro... yes
checking whether strchrnul is declared without a macro... yes
checking whether strdup is declared without a macro... yes
checking whether strncat is declared without a macro... yes
checking whether strndup is declared without a macro... yes
checking whether strnlen is declared without a macro... yes
checking whether strpbrk is declared without a macro... yes
checking whether strsep is declared without a macro... yes
checking whether strcasestr is declared without a macro... yes
checking whether strtok_r is declared without a macro... yes
checking whether strerror_r is declared without a macro... yes
checking whether strsignal is declared without a macro... yes
checking whether strverscmp is declared without a macro... yes
checking whether ffs is declared without a macro... yes
checking whether strcasecmp is declared without a macro... yes
checking whether strncasecmp is declared without a macro... yes
checking whether strndup is declared... (cached) yes
checking whether strnlen is declared... (cached) yes
checking whether strtoumax is declared... (cached) yes
checking for struct timespec in <time.h>... yes
checking whether clearerr_unlocked is declared... yes
checking whether feof_unlocked is declared... yes
checking whether ferror_unlocked is declared... yes
checking whether fflush_unlocked is declared... yes
checking whether fgets_unlocked is declared... yes
checking whether fputc_unlocked is declared... yes
checking whether fputs_unlocked is declared... yes
checking whether fread_unlocked is declared... yes
checking whether fwrite_unlocked is declared... yes
checking whether getchar_unlocked is declared... yes
checking whether putc_unlocked is declared... yes
checking whether putchar_unlocked is declared... yes
checking for inttypes.h... yes
checking for stdint.h... yes
checking for intmax_t... yes
checking where to find the exponent in a 'double'... word 1 bit 20
checking whether snprintf returns a byte count as in C99... yes
checking for snprintf... (cached) yes
checking for strnlen... yes
checking for wcslen... yes
checking for wcsnlen... yes
checking for mbrtowc... (cached) yes
checking for wcrtomb... (cached) yes
checking whether _snprintf is declared... no
checking if environ is properly declared... yes
checking whether getcwd (NULL, 0) allocates memory for result... yes
checking for getcwd with POSIX signature... yes
checking whether setenv is declared... yes
checking search.h usability... yes
checking search.h presence... yes
checking for search.h... yes
checking for tsearch... yes
checking whether snprintf is declared... yes
checking whether unsetenv is declared... yes
checking for alloca as a compiler built-in... yes
checking whether btowc(0) is correct... yes
checking whether btowc(EOF) is correct... yes
checking whether sigaltstack is declared... yes
checking for stack_t... yes
checking for library containing clock_gettime... none required
checking for clock_gettime... yes
checking for clock_settime... yes
checking whether // is distinct from /... (cached) no
checking whether dup2 works... yes
checking for error_at_line... yes
checking whether fcntl handles F_DUPFD correctly... yes
checking whether fcntl understands F_DUPFD_CLOEXEC... needs runtime check
checking whether fcntl is declared without a macro... yes
checking whether openat is declared without a macro... yes
checking whether conversion from 'int' to 'long double' works... yes
checking for working GNU fnmatch... yes
checking whether gettimeofday clobbers localtime buffer... no
checking for gettimeofday with POSIX signature... almost
checking whether the compiler generally respects inline... yes
checking whether INT32_MAX < INTMAX_MAX... yes
checking whether INT64_MAX == LONG_MAX... yes
checking whether UINT32_MAX < UINTMAX_MAX... yes
checking whether UINT64_MAX == ULONG_MAX... yes
checking whether iswblank is declared... yes
checking whether langinfo.h defines CODESET... yes
checking whether langinfo.h defines T_FMT_AMPM... yes
checking whether langinfo.h defines ERA... yes
checking whether langinfo.h defines YESEXPR... yes
checking whether nl_langinfo is declared without a macro... yes
checking for libsigsegv... (cached) no, consider installing GNU libsigsegv
checking whether locale.h conforms to POSIX:2001... yes
checking whether locale.h defines locale_t... yes
checking whether struct lconv is properly defined... yes
checking whether setlocale is declared without a macro... yes
checking whether duplocale is declared without a macro... yes
checking for stdlib.h... (cached) yes
checking for GNU libc compatible malloc... (cached) yes
checking whether mbrtowc handles incomplete characters... yes
checking whether mbrtowc works as well as mbtowc... yes
checking whether mbrtowc handles a NULL pwc argument... yes
checking whether mbrtowc handles a NULL string argument... yes
checking whether mbrtowc has a correct return value... yes
checking whether mbrtowc returns 0 when parsing a NUL character... yes
checking whether mbrtowc handles incomplete characters... (cached) yes
checking whether mbrtowc works as well as mbtowc... (cached) yes
checking whether mbrtowc handles incomplete characters... (cached) yes
checking whether mbrtowc works as well as mbtowc... (cached) yes
checking whether mbsrtowcs works... yes
checking for working mkstemp... yes
checking for working mktime... yes
checking whether YESEXPR works... yes
checking whether open recognizes a trailing slash... yes
checking whether program_invocation_name is declared... yes
checking whether program_invocation_short_name is declared... yes
checking for raise... yes
checking for sigprocmask... (cached) yes
checking whether readlink signature is correct... yes
checking whether readlink handles trailing slash correctly... yes
checking for working re_compile_pattern... no
checking libintl.h usability... yes
checking libintl.h presence... yes
checking for libintl.h... yes
checking whether isblank is declared... yes
checking for struct sigaction.sa_sigaction... yes
checking for volatile sig_atomic_t... yes
checking for sighandler_t... yes
checking whether pthread_sigmask is declared without a macro... yes
checking whether sigaction is declared without a macro... yes
checking whether sigaddset is declared without a macro... yes
checking whether sigdelset is declared without a macro... yes
checking whether sigemptyset is declared without a macro... yes
checking whether sigfillset is declared without a macro... yes
checking whether sigismember is declared without a macro... yes
checking whether sigpending is declared without a macro... yes
checking whether sigprocmask is declared without a macro... yes
checking for sigprocmask... (cached) yes
checking for stdint.h... (cached) yes
checking for SIZE_MAX... yes
checking for ssize_t... yes
checking whether stat handles trailing slashes on directories... yes
checking whether stat handles trailing slashes on files... yes
checking for struct stat.st_atim.tv_nsec... yes
checking whether struct stat.st_atim is of type struct timespec... yes
checking for struct stat.st_birthtimespec.tv_nsec... no
checking for struct stat.st_birthtimensec... no
checking for struct stat.st_birthtim.tv_nsec... no
checking for va_copy... yes
checking whether NULL can be used in arbitrary expressions... (cached) yes
checking whether dprintf is declared without a macro... yes
checking whether fpurge is declared without a macro... no
checking whether fseeko is declared without a macro... yes
checking whether ftello is declared without a macro... yes
checking whether getdelim is declared without a macro... yes
checking whether getline is declared without a macro... yes
checking whether gets is declared without a macro... no
checking whether pclose is declared without a macro... yes
checking whether popen is declared without a macro... yes
checking whether renameat is declared without a macro... yes
checking whether snprintf is declared without a macro... yes
checking whether tmpfile is declared without a macro... yes
checking whether vdprintf is declared without a macro... yes
checking whether vsnprintf is declared without a macro... yes
checking whether _Exit is declared without a macro... yes
checking whether atoll is declared without a macro... yes
checking whether canonicalize_file_name is declared without a macro... yes
checking whether getloadavg is declared without a macro... yes
checking whether getsubopt is declared without a macro... yes
checking whether grantpt is declared without a macro... yes
checking whether initstate is declared without a macro... yes
checking whether initstate_r is declared without a macro... yes
checking whether mkdtemp is declared without a macro... yes
checking whether mkostemp is declared without a macro... yes
checking whether mkostemps is declared without a macro... yes
checking whether mkstemp is declared without a macro... yes
checking whether mkstemps is declared without a macro... yes
checking whether posix_openpt is declared without a macro... yes
checking whether ptsname is declared without a macro... yes
checking whether ptsname_r is declared without a macro... yes
checking whether random is declared without a macro... yes
checking whether random_r is declared without a macro... yes
checking whether realpath is declared without a macro... yes
checking whether rpmatch is declared without a macro... yes
checking whether secure_getenv is declared without a macro... yes
checking whether setenv is declared without a macro... yes
checking whether setstate is declared without a macro... yes
checking whether setstate_r is declared without a macro... yes
checking whether srandom is declared without a macro... yes
checking whether srandom_r is declared without a macro... yes
checking whether strtod is declared without a macro... yes
checking whether strtoll is declared without a macro... yes
checking whether strtoull is declared without a macro... yes
checking whether unlockpt is declared without a macro... yes
checking whether unsetenv is declared without a macro... yes
checking for strcasecmp... yes
checking for strncasecmp... yes
checking whether strncasecmp is declared... (cached) yes
checking for working strerror function... yes
checking for working strndup... yes
checking for working strnlen... yes
checking for strtoull... yes
checking for nlink_t... (cached) yes
checking whether fchmodat is declared without a macro... (cached) yes
checking whether fstat is declared without a macro... (cached) yes
checking whether fstatat is declared without a macro... (cached) yes
checking whether futimens is declared without a macro... (cached) yes
checking whether lchmod is declared without a macro... (cached) yes
checking whether lstat is declared without a macro... (cached) yes
checking whether mkdirat is declared without a macro... (cached) yes
checking whether mkfifo is declared without a macro... (cached) yes
checking whether mkfifoat is declared without a macro... (cached) yes
checking whether mknod is declared without a macro... (cached) yes
checking whether mknodat is declared without a macro... (cached) yes
checking whether stat is declared without a macro... (cached) yes
checking whether utimensat is declared without a macro... (cached) yes
checking whether waitpid is declared without a macro... yes
checking whether localtime_r is declared... yes
checking whether localtime_r is compatible with its POSIX signature... yes
checking whether chdir is declared without a macro... yes
checking whether chown is declared without a macro... yes
checking whether dup is declared without a macro... yes
checking whether dup2 is declared without a macro... yes
checking whether dup3 is declared without a macro... yes
checking whether environ is declared without a macro... yes
checking whether euidaccess is declared without a macro... yes
checking whether faccessat is declared without a macro... yes
checking whether fchdir is declared without a macro... yes
checking whether fchownat is declared without a macro... yes
checking whether fdatasync is declared without a macro... yes
checking whether fsync is declared without a macro... yes
checking whether ftruncate is declared without a macro... yes
checking whether getcwd is declared without a macro... yes
checking whether getdomainname is declared without a macro... yes
checking whether getdtablesize is declared without a macro... yes
checking whether getgroups is declared without a macro... yes
checking whether gethostname is declared without a macro... yes
checking whether getlogin is declared without a macro... yes
checking whether getlogin_r is declared without a macro... yes
checking whether getpagesize is declared without a macro... yes
checking whether getusershell is declared without a macro... yes
checking whether setusershell is declared without a macro... yes
checking whether endusershell is declared without a macro... yes
checking whether group_member is declared without a macro... yes
checking whether isatty is declared without a macro... yes
checking whether lchown is declared without a macro... yes
checking whether link is declared without a macro... yes
checking whether linkat is declared without a macro... yes
checking whether lseek is declared without a macro... yes
checking whether pipe is declared without a macro... yes
checking whether pipe2 is declared without a macro... yes
checking whether pread is declared without a macro... yes
checking whether pwrite is declared without a macro... yes
checking whether readlink is declared without a macro... yes
checking whether readlinkat is declared without a macro... yes
checking whether rmdir is declared without a macro... yes
checking whether sethostname is declared without a macro... yes
checking whether sleep is declared without a macro... yes
checking whether symlink is declared without a macro... yes
checking whether symlinkat is declared without a macro... yes
checking whether ttyname_r is declared without a macro... yes
checking whether unlink is declared without a macro... yes
checking whether unlinkat is declared without a macro... yes
checking whether usleep is declared without a macro... yes
checking for variable-length arrays... yes
checking for ptrdiff_t... yes
checking for vasprintf... yes
checking whether btowc is declared without a macro... yes
checking whether wctob is declared without a macro... yes
checking whether mbsinit is declared without a macro... yes
checking whether mbrtowc is declared without a macro... yes
checking whether mbrlen is declared without a macro... yes
checking whether mbsrtowcs is declared without a macro... yes
checking whether mbsnrtowcs is declared without a macro... yes
checking whether wcrtomb is declared without a macro... yes
checking whether wcsrtombs is declared without a macro... yes
checking whether wcsnrtombs is declared without a macro... yes
checking whether wcwidth is declared without a macro... yes
checking whether wmemchr is declared without a macro... yes
checking whether wmemcmp is declared without a macro... yes
checking whether wmemcpy is declared without a macro... yes
checking whether wmemmove is declared without a macro... yes
checking whether wmemset is declared without a macro... yes
checking whether wcslen is declared without a macro... yes
checking whether wcsnlen is declared without a macro... yes
checking whether wcscpy is declared without a macro... yes
checking whether wcpcpy is declared without a macro... yes
checking whether wcsncpy is declared without a macro... yes
checking whether wcpncpy is declared without a macro... yes
checking whether wcscat is declared without a macro... yes
checking whether wcsncat is declared without a macro... yes
checking whether wcscmp is declared without a macro... yes
checking whether wcsncmp is declared without a macro... yes
checking whether wcscasecmp is declared without a macro... yes
checking whether wcsncasecmp is declared without a macro... yes
checking whether wcscoll is declared without a macro... yes
checking whether wcsxfrm is declared without a macro... yes
checking whether wcsdup is declared without a macro... yes
checking whether wcschr is declared without a macro... yes
checking whether wcsrchr is declared without a macro... yes
checking whether wcscspn is declared without a macro... yes
checking whether wcsspn is declared without a macro... yes
checking whether wcspbrk is declared without a macro... yes
checking whether wcsstr is declared without a macro... yes
checking whether wcstok is declared without a macro... yes
checking whether wcswidth is declared without a macro... yes
checking whether mbrtowc handles incomplete characters... (cached) yes
checking whether mbrtowc works as well as mbtowc... (cached) yes
checking whether wcrtomb return value is correct... yes
checking whether iswcntrl works... (cached) yes
checking for towlower... (cached) yes
checking for wctype_t... (cached) yes
checking for wctrans_t... (cached) yes
checking whether wctype is declared without a macro... (cached) yes
checking whether iswctype is declared without a macro... (cached) yes
checking whether wctrans is declared without a macro... (cached) yes
checking whether towctrans is declared without a macro... (cached) yes
checking whether wcwidth is declared... (cached) yes
checking whether wcwidth works reasonably in UTF-8 locales... yes
checking for stdint.h... (cached) yes
checking for a traditional french locale... (cached) fr_FR
checking for a french Unicode locale... (cached) fr_FR.UTF-8
checking for a traditional french locale... (cached) fr_FR
checking for a turkish Unicode locale... tr_TR.UTF-8
checking whether fdopen sets errno... yes
checking for getpagesize... yes
checking whether getpagesize is declared... (cached) yes
checking for a traditional french locale... (cached) fr_FR
checking for a french Unicode locale... (cached) fr_FR.UTF-8
checking for a traditional japanese locale... (cached) ja_JP
checking for a transitional chinese locale... (cached) zh_CN.GB18030
checking for a turkish Unicode locale... (cached) tr_TR.UTF-8
checking for a french Unicode locale... (cached) fr_FR.UTF-8
checking for a traditional french locale... (cached) fr_FR
checking for a french Unicode locale... (cached) fr_FR.UTF-8
checking for a traditional japanese locale... (cached) ja_JP
checking for a transitional chinese locale... (cached) zh_CN.GB18030
checking for a french Unicode locale... (cached) fr_FR.UTF-8
checking for a transitional chinese locale... (cached) zh_CN.GB18030
checking for mmap... (cached) yes
checking for MAP_ANONYMOUS... yes
checking for a traditional french locale... (cached) fr_FR
checking for a french Unicode locale... (cached) fr_FR.UTF-8
checking for putenv compatible with GNU and SVID... yes
checking whether setenv validates arguments... yes
checking for a traditional french locale... (cached) fr_FR
checking for a french Unicode locale... (cached) fr_FR.UTF-8
checking for a traditional japanese locale... (cached) ja_JP
checking for a transitional chinese locale... (cached) zh_CN.GB18030
checking whether sleep is declared... (cached) yes
checking for working sleep... yes
checking for snprintf... (cached) yes
checking whether snprintf respects a size of 1... yes
checking whether printf supports POSIX/XSI format strings with positions... yes
checking for mmap... (cached) yes
checking for MAP_ANONYMOUS... yes
checking whether symlink handles trailing slash correctly... yes
checking for unsetenv... yes
checking for unsetenv() return type... int
checking whether unsetenv obeys POSIX... yes
checking for useconds_t... yes
checking whether usleep allows large arguments... yes
checking for a traditional french locale... (cached) fr_FR
checking for a french Unicode locale... (cached) fr_FR.UTF-8
checking for a traditional japanese locale... (cached) ja_JP
checking for a transitional chinese locale... (cached) zh_CN.GB18030
checking whether wctob works... yes
checking whether wctob is declared... (cached) yes
checking for inline... (cached) inline
checking for variable-length arrays... (cached) yes
checking for pr... /usr/bin/pr
checking for struct stat.st_blksize... yes
checking for struct stat.st_rdev... yes
checking for dirent.h that defines DIR... yes
checking for library containing opendir... none required
checking for sys/wait.h that is POSIX.1 compatible... (cached) yes
checking for pid_t... (cached) yes
checking whether closedir returns void... no
checking vfork.h usability... no
checking vfork.h presence... no
checking for vfork.h... no
checking for fork... yes
checking for vfork... yes
checking for working fork... yes
checking for working vfork... (cached) yes
checking whether NLS is requested... yes
checking for msgfmt... no
checking for gmsgfmt... :
checking for xgettext... no
checking for msgmerge... no
checking for CFPreferencesCopyAppValue... no
checking for CFLocaleCopyCurrent... no
checking for GNU gettext in libc... yes
checking whether to use NLS... yes
checking where the gettext function comes from... libc
checking that generated files are newer than configure... done
configure: creating ./config.status
config.status: creating Makefile
config.status: creating doc/Makefile
config.status: creating lib/Makefile
config.status: creating src/Makefile
config.status: creating tests/Makefile
config.status: creating gnulib-tests/Makefile
config.status: creating man/Makefile
config.status: creating po/Makefile.in
config.status: creating lib/config.h
config.status: executing depfiles commands
config.status: executing po-directories commands
config.status: creating po/POTFILES
config.status: creating po/Makefile
+ make PR_PROGRAM=/usr/bin/pr
Making all in lib
make[1]: Entering directory '/builddir/build/BUILD/diffutils-3.3/lib'
  GEN      alloca.h
  GEN      configmake.h
  GEN      c++defs.h
  GEN      arg-nonnull.h
  GEN      warn-on-use.h
  GEN      fcntl.h
  GEN      iconv.h
  GEN      inttypes.h
  GEN      langinfo.h
  GEN      locale.h
  GEN      signal.h
  GEN      unused-parameter.h
  GEN      stdio.h
  GEN      stdlib.h
  GEN      string.h
  GEN      strings.h
  GEN      sys/stat.h
  GEN      sys/time.h
  GEN      sys/types.h
  GEN      sys/wait.h
  GEN      time.h
  GEN      unistd.h
  GEN      unistr.h
  GEN      unitypes.h
  GEN      uniwidth.h
  GEN      wchar.h
  GEN      wctype.h
make  all-am
make[2]: Entering directory '/builddir/build/BUILD/diffutils-3.3/lib'
  CC       allocator.o
  CC       areadlink.o
  CC       binary-io.o
  CC       bitrotate.o
  CC       c-ctype.o
  CC       c-stack.o
  CC       c-strcasecmp.o
  CC       c-strncasecmp.o
  CC       careadlinkat.o
  CC       dirname.o
  CC       basename.o
  CC       dirname-lgpl.o
  CC       basename-lgpl.o
  CC       stripslash.o
  CC       exclude.o
  CC       exitfail.o
  CC       fd-hook.o
  CC       file-type.o
  CC       filenamecat.o
  CC       filenamecat-lgpl.o
  CC       freopen-safer.o
  CC       gettime.o
  CC       hard-locale.o
  CC       hash.o
  CC       imaxtostr.o
  CC       inttostr.o
  CC       offtostr.o
  CC       uinttostr.o
  CC       umaxtostr.o
  CC       localcharset.o
  CC       malloca.o
  CC       mbchar.o
  CC       mbiter.o
  CC       mbscasecmp.o
  CC       mbslen.o
  CC       mbsstr.o
  CC       mbuiter.o
  CC       progname.o
  CC       propername.o
  CC       quotearg.o
  CC       sh-quote.o
  CC       sig-handler.o
  CC       stat-time.o
  CC       strftime.o
  CC       striconv.o
  CC       strnlen1.o
  CC       system-quote.o
  CC       tempname.o
  CC       timespec.o
  CC       trim.o
trim.c: In function 'trim2':
trim.c:103:16: warning: 'r' may be used uninitialized in this function [-Wmaybe-uninitialized]
             *r = '\0';
                ^
  CC       unistd.o
  CC       u8-mbtoucr.o
  CC       u8-uctomb.o
  CC       u8-uctomb-aux.o
  CC       width.o
  CC       version-etc.o
  CC       version-etc-fsf.o
  CC       wctype-h.o
  CC       xmalloc.o
  CC       xalloc-die.o
  CC       xfreopen.o
  CC       xreadlink.o
  CC       xsize.o
  CC       xstriconv.o
  CC       xstrndup.o
  CC       xstrtol.o
  CC       xstrtoul.o
  CC       xstrtol-error.o
  CC       xstrtoumax.o
  CC       xvasprintf.o
  CC       xasprintf.o
  CC       cmpbuf.o
  CC       prepargs.o
  CC       asnprintf.o
  CC       fcntl.o
  CC       printf-args.o
  CC       printf-parse.o
  CC       regex.o
  CC       vasnprintf.o
  AR       libdiffutils.a
ar: `u' modifier ignored since `D' is the default (see `U')
  GEN      charset.alias
  GEN      ref-add.sed
  GEN      ref-del.sed
make[2]: Leaving directory '/builddir/build/BUILD/diffutils-3.3/lib'
make[1]: Leaving directory '/builddir/build/BUILD/diffutils-3.3/lib'
Making all in src
make[1]: Entering directory '/builddir/build/BUILD/diffutils-3.3/src'
  GEN      paths.h
  GEN      version.c
  GEN      version.h
make  all-am
make[2]: Entering directory '/builddir/build/BUILD/diffutils-3.3/src'
  CC       version.o
  AR       libver.a
ar: `u' modifier ignored since `D' is the default (see `U')
  CC       cmp.o
  CCLD     cmp
  CC       analyze.o
In file included from analyze.c:21:0:
diff.h:379:1: warning: '__pure__' attribute ignored [-Wattributes]
 extern bool (*lines_differ) (char const *, size_t, char const *, size_t) _GL_ATTRIBUTE_PURE;
 ^
In file included from analyze.c:35:0:
../lib/diffseq.h: In function 'compareseq':
../lib/diffseq.h:426:36: warning: 'bxbest' may be used uninitialized in this function [-Wmaybe-uninitialized]
               part->ymid = bxybest - bxbest;
                                    ^
../lib/diffseq.h:377:18: note: 'bxbest' was declared here
           OFFSET bxbest IF_LINT (= 0);
                  ^
../lib/diffseq.h:419:36: warning: 'fxbest' may be used uninitialized in this function [-Wmaybe-uninitialized]
               part->ymid = fxybest - fxbest;
                                    ^
../lib/diffseq.h:375:18: note: 'fxbest' was declared here
           OFFSET fxbest IF_LINT (= 0);
                  ^
  CC       context.o
In file included from context.c:21:0:
diff.h:379:1: warning: '__pure__' attribute ignored [-Wattributes]
 extern bool (*lines_differ) (char const *, size_t, char const *, size_t) _GL_ATTRIBUTE_PURE;
 ^
  CC       diff.o
In file included from diff.c:22:0:
diff.h:379:1: warning: '__pure__' attribute ignored [-Wattributes]
 extern bool (*lines_differ) (char const *, size_t, char const *, size_t) _GL_ATTRIBUTE_PURE;
 ^
  CC       dir.o
In file included from dir.c:21:0:
diff.h:379:1: warning: '__pure__' attribute ignored [-Wattributes]
 extern bool (*lines_differ) (char const *, size_t, char const *, size_t) _GL_ATTRIBUTE_PURE;
 ^
  CC       ed.o
In file included from ed.c:21:0:
diff.h:379:1: warning: '__pure__' attribute ignored [-Wattributes]
 extern bool (*lines_differ) (char const *, size_t, char const *, size_t) _GL_ATTRIBUTE_PURE;
 ^
  CC       ifdef.o
In file included from ifdef.c:23:0:
diff.h:379:1: warning: '__pure__' attribute ignored [-Wattributes]
 extern bool (*lines_differ) (char const *, size_t, char const *, size_t) _GL_ATTRIBUTE_PURE;
 ^
  CC       io.o
In file included from io.c:21:0:
diff.h:379:1: warning: '__pure__' attribute ignored [-Wattributes]
 extern bool (*lines_differ) (char const *, size_t, char const *, size_t) _GL_ATTRIBUTE_PURE;
 ^
  CC       normal.o
In file included from normal.c:21:0:
diff.h:379:1: warning: '__pure__' attribute ignored [-Wattributes]
 extern bool (*lines_differ) (char const *, size_t, char const *, size_t) _GL_ATTRIBUTE_PURE;
 ^
  CC       side.o
In file included from side.c:23:0:
diff.h:379:1: warning: '__pure__' attribute ignored [-Wattributes]
 extern bool (*lines_differ) (char const *, size_t, char const *, size_t) _GL_ATTRIBUTE_PURE;
 ^
  CC       util.o
In file included from util.c:21:0:
diff.h:379:1: warning: '__pure__' attribute ignored [-Wattributes]
 extern bool (*lines_differ) (char const *, size_t, char const *, size_t) _GL_ATTRIBUTE_PURE;
 ^
util.c: In function 'lines_differ_multibyte':
util.c:793:13: warning: 't2_bak' may be used uninitialized in this function [-Wmaybe-uninitialized]
      if (*p == '\n')
             ^
util.c:774:13: warning: 't1_bak' may be used uninitialized in this function [-Wmaybe-uninitialized]
      if (*p == '\n')
             ^
util.c:600:44: warning: 'convfail2_bak' may be used uninitialized in this function [-Wmaybe-uninitialized]
   int convfail1, convfail2, convfail1_bak, convfail2_bak;
                                            ^
util.c:600:29: warning: 'convfail1_bak' may be used uninitialized in this function [-Wmaybe-uninitialized]
   int convfail1, convfail2, convfail1_bak, convfail2_bak;
                             ^
util.c:730:30: warning: 'wc2_bak' may be used uninitialized in this function [-Wmaybe-uninitialized]
         && !convfail2_bak && iswspace (wc2_bak))
                              ^
util.c:723:13: warning: 'wc1_bak' may be used uninitialized in this function [-Wmaybe-uninitialized]
         wc1 = wc1_bak;
             ^
  CCLD     diff
  CC       diff3.o
diff3.c: In function 'process_diff':
diff3.c:1042:15: warning: 'bptr' may be used uninitialized in this function [-Wmaybe-uninitialized]
   *last_block = bptr;
               ^
  CCLD     diff3
  CC       sdiff.o
sdiff.c: In function 'edit':
sdiff.c:987:6: warning: 'cmd1' may be used uninitialized in this function [-Wmaybe-uninitialized]
      switch (cmd1)
      ^
  CCLD     sdiff
make[2]: Leaving directory '/builddir/build/BUILD/diffutils-3.3/src'
make[1]: Leaving directory '/builddir/build/BUILD/diffutils-3.3/src'
Making all in tests
make[1]: Entering directory '/builddir/build/BUILD/diffutils-3.3/tests'
make[1]: Nothing to be done for 'all'.
make[1]: Leaving directory '/builddir/build/BUILD/diffutils-3.3/tests'
Making all in doc
make[1]: Entering directory '/builddir/build/BUILD/diffutils-3.3/doc'
make[1]: Leaving directory '/builddir/build/BUILD/diffutils-3.3/doc'
Making all in man
make[1]: Entering directory '/builddir/build/BUILD/diffutils-3.3/man'
  GEN      cmp.1
  GEN      diff.1
make[1]: Leaving directory '/builddir/build/BUILD/diffutils-3.3/man'
Making all in po
make[1]: Entering directory '/builddir/build/BUILD/diffutils-3.3/po'
make[1]: Nothing to be done for 'all'.
make[1]: Leaving directory '/builddir/build/BUILD/diffutils-3.3/po'
Making all in gnulib-tests
make[1]: Entering directory '/builddir/build/BUILD/diffutils-3.3/gnulib-tests'
  GEN      arg-nonnull.h
  GEN      c++defs.h
  GEN      unused-parameter.h
  GEN      warn-on-use.h
make  all-recursive
make[2]: Entering directory '/builddir/build/BUILD/diffutils-3.3/gnulib-tests'
Making all in .
make[3]: Entering directory '/builddir/build/BUILD/diffutils-3.3/gnulib-tests'
make[3]: Nothing to be done for 'all-am'.
make[3]: Leaving directory '/builddir/build/BUILD/diffutils-3.3/gnulib-tests'
make[2]: Leaving directory '/builddir/build/BUILD/diffutils-3.3/gnulib-tests'
make[1]: Leaving directory '/builddir/build/BUILD/diffutils-3.3/gnulib-tests'
make[1]: Entering directory '/builddir/build/BUILD/diffutils-3.3'
make[1]: Nothing to be done for 'all-am'.
make[1]: Leaving directory '/builddir/build/BUILD/diffutils-3.3'
+ exit 0
Executing(%install): /bin/sh -e /var/tmp/rpm-tmp.BT9uea
+ umask 022
+ cd /builddir/build/BUILD
+ '[' /builddir/build/BUILDROOT/diffutils-3.3-11.fc23.x86_64 '!=' / ']'
+ rm -rf /builddir/build/BUILDROOT/diffutils-3.3-11.fc23.x86_64
++ dirname /builddir/build/BUILDROOT/diffutils-3.3-11.fc23.x86_64
+ mkdir -p /builddir/build/BUILDROOT
+ mkdir /builddir/build/BUILDROOT/diffutils-3.3-11.fc23.x86_64
+ cd diffutils-3.3
+ rm -rf /builddir/build/BUILDROOT/diffutils-3.3-11.fc23.x86_64
+ make DESTDIR=/builddir/build/BUILDROOT/diffutils-3.3-11.fc23.x86_64 install
Making install in lib
make[1]: Entering directory '/builddir/build/BUILD/diffutils-3.3/lib'
make  install-am
make[2]: Entering directory '/builddir/build/BUILD/diffutils-3.3/lib'
make[3]: Entering directory '/builddir/build/BUILD/diffutils-3.3/lib'
if test yes = no; then \
  case 'linux-gnu' in \
    darwin[56]*) \
      need_charset_alias=true ;; \
    darwin* | cygwin* | mingw* | pw32* | cegcc*) \
      need_charset_alias=false ;; \
    *) \
      need_charset_alias=true ;; \
  esac ; \
else \
  need_charset_alias=false ; \
fi ; \
if $need_charset_alias; then \
  /bin/sh /builddir/build/BUILD/diffutils-3.3/build-aux/install-sh -d /builddir/build/BUILDROOT/diffutils-3.3-11.fc23.x86_64/usr/lib64 ; \
fi ; \
if test -f /builddir/build/BUILDROOT/diffutils-3.3-11.fc23.x86_64/usr/lib64/charset.alias; then \
  sed -f ref-add.sed /builddir/build/BUILDROOT/diffutils-3.3-11.fc23.x86_64/usr/lib64/charset.alias > /builddir/build/BUILDROOT/diffutils-3.3-11.fc23.x86_64/usr/lib64/charset.tmp ; \
  /usr/bin/install -c -m 644 /builddir/build/BUILDROOT/diffutils-3.3-11.fc23.x86_64/usr/lib64/charset.tmp /builddir/build/BUILDROOT/diffutils-3.3-11.fc23.x86_64/usr/lib64/charset.alias ; \
  rm -f /builddir/build/BUILDROOT/diffutils-3.3-11.fc23.x86_64/usr/lib64/charset.tmp ; \
else \
  if $need_charset_alias; then \
    sed -f ref-add.sed charset.alias > /builddir/build/BUILDROOT/diffutils-3.3-11.fc23.x86_64/usr/lib64/charset.tmp ; \
    /usr/bin/install -c -m 644 /builddir/build/BUILDROOT/diffutils-3.3-11.fc23.x86_64/usr/lib64/charset.tmp /builddir/build/BUILDROOT/diffutils-3.3-11.fc23.x86_64/usr/lib64/charset.alias ; \
    rm -f /builddir/build/BUILDROOT/diffutils-3.3-11.fc23.x86_64/usr/lib64/charset.tmp ; \
  fi ; \
fi
make[3]: Nothing to be done for 'install-data-am'.
make[3]: Leaving directory '/builddir/build/BUILD/diffutils-3.3/lib'
make[2]: Leaving directory '/builddir/build/BUILD/diffutils-3.3/lib'
make[1]: Leaving directory '/builddir/build/BUILD/diffutils-3.3/lib'
Making install in src
make[1]: Entering directory '/builddir/build/BUILD/diffutils-3.3/src'
make  install-am
make[2]: Entering directory '/builddir/build/BUILD/diffutils-3.3/src'
make[3]: Entering directory '/builddir/build/BUILD/diffutils-3.3/src'
 /usr/bin/mkdir -p '/builddir/build/BUILDROOT/diffutils-3.3-11.fc23.x86_64/usr/bin'
  /usr/bin/install -c cmp diff diff3 sdiff '/builddir/build/BUILDROOT/diffutils-3.3-11.fc23.x86_64/usr/bin'
make[3]: Nothing to be done for 'install-data-am'.
make[3]: Leaving directory '/builddir/build/BUILD/diffutils-3.3/src'
make[2]: Leaving directory '/builddir/build/BUILD/diffutils-3.3/src'
make[1]: Leaving directory '/builddir/build/BUILD/diffutils-3.3/src'
Making install in tests
make[1]: Entering directory '/builddir/build/BUILD/diffutils-3.3/tests'
make[2]: Entering directory '/builddir/build/BUILD/diffutils-3.3/tests'
make[2]: Nothing to be done for 'install-exec-am'.
make[2]: Nothing to be done for 'install-data-am'.
make[2]: Leaving directory '/builddir/build/BUILD/diffutils-3.3/tests'
make[1]: Leaving directory '/builddir/build/BUILD/diffutils-3.3/tests'
Making install in doc
make[1]: Entering directory '/builddir/build/BUILD/diffutils-3.3/doc'
make[2]: Entering directory '/builddir/build/BUILD/diffutils-3.3/doc'
make[2]: Nothing to be done for 'install-exec-am'.
 /usr/bin/mkdir -p '/builddir/build/BUILDROOT/diffutils-3.3-11.fc23.x86_64/usr/share/info'
 /usr/bin/install -c -m 644 ./diffutils.info '/builddir/build/BUILDROOT/diffutils-3.3-11.fc23.x86_64/usr/share/info'
 install-info --info-dir='/builddir/build/BUILDROOT/diffutils-3.3-11.fc23.x86_64/usr/share/info' '/builddir/build/BUILDROOT/diffutils-3.3-11.fc23.x86_64/usr/share/info/diffutils.info'
make[2]: Leaving directory '/builddir/build/BUILD/diffutils-3.3/doc'
make[1]: Leaving directory '/builddir/build/BUILD/diffutils-3.3/doc'
Making install in man
make[1]: Entering directory '/builddir/build/BUILD/diffutils-3.3/man'
make[2]: Entering directory '/builddir/build/BUILD/diffutils-3.3/man'
make[2]: Nothing to be done for 'install-exec-am'.
 /usr/bin/mkdir -p '/builddir/build/BUILDROOT/diffutils-3.3-11.fc23.x86_64/usr/share/man/man1'
 /usr/bin/install -c -m 644 cmp.1 diff.1 diff3.1 sdiff.1 '/builddir/build/BUILDROOT/diffutils-3.3-11.fc23.x86_64/usr/share/man/man1'
make[2]: Leaving directory '/builddir/build/BUILD/diffutils-3.3/man'
make[1]: Leaving directory '/builddir/build/BUILD/diffutils-3.3/man'
Making install in po
make[1]: Entering directory '/builddir/build/BUILD/diffutils-3.3/po'
installing ca.gmo as /builddir/build/BUILDROOT/diffutils-3.3-11.fc23.x86_64/usr/share/locale/ca/LC_MESSAGES/diffutils.mo
installing cs.gmo as /builddir/build/BUILDROOT/diffutils-3.3-11.fc23.x86_64/usr/share/locale/cs/LC_MESSAGES/diffutils.mo
installing da.gmo as /builddir/build/BUILDROOT/diffutils-3.3-11.fc23.x86_64/usr/share/locale/da/LC_MESSAGES/diffutils.mo
installing de.gmo as /builddir/build/BUILDROOT/diffutils-3.3-11.fc23.x86_64/usr/share/locale/de/LC_MESSAGES/diffutils.mo
installing el.gmo as /builddir/build/BUILDROOT/diffutils-3.3-11.fc23.x86_64/usr/share/locale/el/LC_MESSAGES/diffutils.mo
installing eo.gmo as /builddir/build/BUILDROOT/diffutils-3.3-11.fc23.x86_64/usr/share/locale/eo/LC_MESSAGES/diffutils.mo
installing es.gmo as /builddir/build/BUILDROOT/diffutils-3.3-11.fc23.x86_64/usr/share/locale/es/LC_MESSAGES/diffutils.mo
installing fi.gmo as /builddir/build/BUILDROOT/diffutils-3.3-11.fc23.x86_64/usr/share/locale/fi/LC_MESSAGES/diffutils.mo
installing fr.gmo as /builddir/build/BUILDROOT/diffutils-3.3-11.fc23.x86_64/usr/share/locale/fr/LC_MESSAGES/diffutils.mo
installing ga.gmo as /builddir/build/BUILDROOT/diffutils-3.3-11.fc23.x86_64/usr/share/locale/ga/LC_MESSAGES/diffutils.mo
installing gl.gmo as /builddir/build/BUILDROOT/diffutils-3.3-11.fc23.x86_64/usr/share/locale/gl/LC_MESSAGES/diffutils.mo
installing he.gmo as /builddir/build/BUILDROOT/diffutils-3.3-11.fc23.x86_64/usr/share/locale/he/LC_MESSAGES/diffutils.mo
installing hr.gmo as /builddir/build/BUILDROOT/diffutils-3.3-11.fc23.x86_64/usr/share/locale/hr/LC_MESSAGES/diffutils.mo
installing hu.gmo as /builddir/build/BUILDROOT/diffutils-3.3-11.fc23.x86_64/usr/share/locale/hu/LC_MESSAGES/diffutils.mo
installing id.gmo as /builddir/build/BUILDROOT/diffutils-3.3-11.fc23.x86_64/usr/share/locale/id/LC_MESSAGES/diffutils.mo
installing it.gmo as /builddir/build/BUILDROOT/diffutils-3.3-11.fc23.x86_64/usr/share/locale/it/LC_MESSAGES/diffutils.mo
installing ja.gmo as /builddir/build/BUILDROOT/diffutils-3.3-11.fc23.x86_64/usr/share/locale/ja/LC_MESSAGES/diffutils.mo
installing lv.gmo as /builddir/build/BUILDROOT/diffutils-3.3-11.fc23.x86_64/usr/share/locale/lv/LC_MESSAGES/diffutils.mo
installing ms.gmo as /builddir/build/BUILDROOT/diffutils-3.3-11.fc23.x86_64/usr/share/locale/ms/LC_MESSAGES/diffutils.mo
installing nl.gmo as /builddir/build/BUILDROOT/diffutils-3.3-11.fc23.x86_64/usr/share/locale/nl/LC_MESSAGES/diffutils.mo
installing pl.gmo as /builddir/build/BUILDROOT/diffutils-3.3-11.fc23.x86_64/usr/share/locale/pl/LC_MESSAGES/diffutils.mo
installing pt_BR.gmo as /builddir/build/BUILDROOT/diffutils-3.3-11.fc23.x86_64/usr/share/locale/pt_BR/LC_MESSAGES/diffutils.mo
installing ro.gmo as /builddir/build/BUILDROOT/diffutils-3.3-11.fc23.x86_64/usr/share/locale/ro/LC_MESSAGES/diffutils.mo
installing ru.gmo as /builddir/build/BUILDROOT/diffutils-3.3-11.fc23.x86_64/usr/share/locale/ru/LC_MESSAGES/diffutils.mo
installing sr.gmo as /builddir/build/BUILDROOT/diffutils-3.3-11.fc23.x86_64/usr/share/locale/sr/LC_MESSAGES/diffutils.mo
installing sv.gmo as /builddir/build/BUILDROOT/diffutils-3.3-11.fc23.x86_64/usr/share/locale/sv/LC_MESSAGES/diffutils.mo
installing tr.gmo as /builddir/build/BUILDROOT/diffutils-3.3-11.fc23.x86_64/usr/share/locale/tr/LC_MESSAGES/diffutils.mo
installing uk.gmo as /builddir/build/BUILDROOT/diffutils-3.3-11.fc23.x86_64/usr/share/locale/uk/LC_MESSAGES/diffutils.mo
installing vi.gmo as /builddir/build/BUILDROOT/diffutils-3.3-11.fc23.x86_64/usr/share/locale/vi/LC_MESSAGES/diffutils.mo
installing zh_CN.gmo as /builddir/build/BUILDROOT/diffutils-3.3-11.fc23.x86_64/usr/share/locale/zh_CN/LC_MESSAGES/diffutils.mo
installing zh_TW.gmo as /builddir/build/BUILDROOT/diffutils-3.3-11.fc23.x86_64/usr/share/locale/zh_TW/LC_MESSAGES/diffutils.mo
if test "diffutils" = "gettext-tools"; then \
  /usr/bin/mkdir -p /builddir/build/BUILDROOT/diffutils-3.3-11.fc23.x86_64/usr/share/gettext/po; \
  for file in Makefile.in.in remove-potcdate.sin quot.sed boldquot.sed en@quot.header en@boldquot.header insert-header.sin Rules-quot   Makevars.template; do \
    /usr/bin/install -c -m 644 ./$file \
		    /builddir/build/BUILDROOT/diffutils-3.3-11.fc23.x86_64/usr/share/gettext/po/$file; \
  done; \
  for file in Makevars; do \
    rm -f /builddir/build/BUILDROOT/diffutils-3.3-11.fc23.x86_64/usr/share/gettext/po/$file; \
  done; \
else \
  : ; \
fi
make[1]: Leaving directory '/builddir/build/BUILD/diffutils-3.3/po'
Making install in gnulib-tests
make[1]: Entering directory '/builddir/build/BUILD/diffutils-3.3/gnulib-tests'
make  install-recursive
make[2]: Entering directory '/builddir/build/BUILD/diffutils-3.3/gnulib-tests'
Making install in .
make[3]: Entering directory '/builddir/build/BUILD/diffutils-3.3/gnulib-tests'
make[4]: Entering directory '/builddir/build/BUILD/diffutils-3.3/gnulib-tests'
make[4]: Nothing to be done for 'install-exec-am'.
make[4]: Nothing to be done for 'install-data-am'.
make[4]: Leaving directory '/builddir/build/BUILD/diffutils-3.3/gnulib-tests'
make[3]: Leaving directory '/builddir/build/BUILD/diffutils-3.3/gnulib-tests'
make[2]: Leaving directory '/builddir/build/BUILD/diffutils-3.3/gnulib-tests'
make[1]: Leaving directory '/builddir/build/BUILD/diffutils-3.3/gnulib-tests'
make[1]: Entering directory '/builddir/build/BUILD/diffutils-3.3'
make[2]: Entering directory '/builddir/build/BUILD/diffutils-3.3'
make[2]: Nothing to be done for 'install-exec-am'.
make[2]: Nothing to be done for 'install-data-am'.
make[2]: Leaving directory '/builddir/build/BUILD/diffutils-3.3'
make[1]: Leaving directory '/builddir/build/BUILD/diffutils-3.3'
+ rm -f /builddir/build/BUILDROOT/diffutils-3.3-11.fc23.x86_64/usr/share/info/dir
+ /usr/lib/rpm/find-lang.sh /builddir/build/BUILDROOT/diffutils-3.3-11.fc23.x86_64 diffutils
+ /usr/lib/rpm/find-debuginfo.sh --strict-build-id -m --run-dwz --dwz-low-mem-die-limit 10000000 --dwz-max-die-limit 110000000 /builddir/build/BUILD/diffutils-3.3
extracting debug info from /builddir/build/BUILDROOT/diffutils-3.3-11.fc23.x86_64/usr/bin/cmp
extracting debug info from /builddir/build/BUILDROOT/diffutils-3.3-11.fc23.x86_64/usr/bin/sdiff
extracting debug info from /builddir/build/BUILDROOT/diffutils-3.3-11.fc23.x86_64/usr/bin/diff
extracting debug info from /builddir/build/BUILDROOT/diffutils-3.3-11.fc23.x86_64/usr/bin/diff3
/usr/lib/rpm/sepdebugcrcfix: Updated 4 CRC32s, 0 CRC32s did match.
2178 blocks
+ /usr/lib/rpm/check-buildroot
+ /usr/lib/rpm/brp-compress
+ /usr/lib/rpm/brp-strip-static-archive /usr/bin/strip
+ /usr/lib/rpm/brp-python-bytecompile /usr/bin/python 1
+ /usr/lib/rpm/brp-python-hardlink
+ /usr/lib/rpm/redhat/brp-java-repack-jars
Executing(%check): /bin/sh -e /var/tmp/rpm-tmp.gnqFAF
+ umask 022
+ cd /builddir/build/BUILD
+ cd diffutils-3.3
+ make check
Making check in lib
make[1]: Entering directory '/builddir/build/BUILD/diffutils-3.3/lib'
make  check-am
make[2]: Entering directory '/builddir/build/BUILD/diffutils-3.3/lib'
make[2]: Leaving directory '/builddir/build/BUILD/diffutils-3.3/lib'
make[1]: Leaving directory '/builddir/build/BUILD/diffutils-3.3/lib'
Making check in src
make[1]: Entering directory '/builddir/build/BUILD/diffutils-3.3/src'
make  check-am
make[2]: Entering directory '/builddir/build/BUILD/diffutils-3.3/src'
make[2]: Nothing to be done for 'check-am'.
make[2]: Leaving directory '/builddir/build/BUILD/diffutils-3.3/src'
make[1]: Leaving directory '/builddir/build/BUILD/diffutils-3.3/src'
Making check in tests
make[1]: Entering directory '/builddir/build/BUILD/diffutils-3.3/tests'
make  check-TESTS
make[2]: Entering directory '/builddir/build/BUILD/diffutils-3.3/tests'
make[3]: Entering directory '/builddir/build/BUILD/diffutils-3.3/tests'
PASS: basic
PASS: binary
PASS: colliding-file-names
PASS: excess-slash
PASS: help-version
PASS: function-line-vs-leading-space
PASS: label-vs-func
PASS: new-file
PASS: no-dereference
PASS: no-newline-at-eof
PASS: stdin
PASS: filename-quoting
============================================================================
Testsuite summary for GNU diffutils 3.3
============================================================================
# TOTAL: 12
# PASS:  12
# SKIP:  0
# XFAIL: 0
# FAIL:  0
# XPASS: 0
# ERROR: 0
============================================================================
make[3]: Leaving directory '/builddir/build/BUILD/diffutils-3.3/tests'
make[2]: Leaving directory '/builddir/build/BUILD/diffutils-3.3/tests'
make[1]: Leaving directory '/builddir/build/BUILD/diffutils-3.3/tests'
Making check in doc
make[1]: Entering directory '/builddir/build/BUILD/diffutils-3.3/doc'
make[1]: Nothing to be done for 'check'.
make[1]: Leaving directory '/builddir/build/BUILD/diffutils-3.3/doc'
Making check in man
make[1]: Entering directory '/builddir/build/BUILD/diffutils-3.3/man'
make[1]: Nothing to be done for 'check'.
make[1]: Leaving directory '/builddir/build/BUILD/diffutils-3.3/man'
Making check in po
make[1]: Entering directory '/builddir/build/BUILD/diffutils-3.3/po'
make[1]: Nothing to be done for 'check'.
make[1]: Leaving directory '/builddir/build/BUILD/diffutils-3.3/po'
Making check in gnulib-tests
make[1]: Entering directory '/builddir/build/BUILD/diffutils-3.3/gnulib-tests'
make  check-recursive
make[2]: Entering directory '/builddir/build/BUILD/diffutils-3.3/gnulib-tests'
Making check in .
make[3]: Entering directory '/builddir/build/BUILD/diffutils-3.3/gnulib-tests'
make  libtests.a test-alloca-opt test-areadlink test-argmatch test-binary-io test-bitrotate test-btowc test-c-ctype test-c-stack test-c-strcasecmp test-c-strncasecmp test-close test-dirname test-dup2 test-environ test-errno test-exclude test-fcntl-h test-fcntl test-fdopen test-fgetc test-filenamecat test-float test-fnmatch test-fputc test-fread test-freopen-safer test-freopen test-fstat test-fwrite test-getcwd-lgpl test-getdtablesize test-getopt test-gettimeofday test-hash test-iconv-h test-iconv test-ignore-value test-intprops test-inttostr test-inttypes test-iswblank test-langinfo test-locale test-localeconv test-lstat test-malloc-gnu test-malloca test-mbrtowc test-mbrtowc-w32 test-mbscasecmp test-mbsinit test-mbsrtowcs test-mbsstr1 test-mbsstr2 test-mbsstr3 test-memchr test-nl_langinfo test-open test-pathmax test-quotearg-simple test-raise test-readlink test-regex test-setenv test-setlocale1 test-setlocale2 test-sh-quote test-sigaction test-signal-h test-sigprocmask test-sleep test-snprintf test-stat test-stat-time test-stdbool test-stddef test-stdint test-stdio test-stdlib test-strerror test-strftime test-striconv test-string test-strings test-strnlen test-strtoull test-strtoumax test-symlink test-sys_stat test-sys_time test-sys_types test-sys_wait test-time test-unistd test-u8-mbtoucr test-u8-uctomb test-uc_width test-uc_width2 test-unsetenv test-usleep test-vasnprintf test-vasprintf test-verify test-version-etc test-wchar test-wcrtomb test-wcrtomb-w32 test-wctype-h test-wcwidth test-xalloc-die test-xstrtol test-xstrtoul test-xstrtoumax test-xvasprintf
make[4]: Entering directory '/builddir/build/BUILD/diffutils-3.3/gnulib-tests'
  CC       argmatch.o
  CC       hash-pjw.o
  AR       libtests.a
ar: `u' modifier ignored since `D' is the default (see `U')
  CC       test-alloca-opt.o
  CCLD     test-alloca-opt
  CC       test-areadlink.o
  CCLD     test-areadlink
  CC       test-argmatch.o
  CCLD     test-argmatch
  CC       test-binary-io.o
  CCLD     test-binary-io
  CC       test-bitrotate.o
  CCLD     test-bitrotate
  CC       test-btowc.o
  CCLD     test-btowc
  CC       test-c-ctype.o
  CCLD     test-c-ctype
  CC       test-c-stack.o
  CCLD     test-c-stack
  CC       test-c-strcasecmp.o
  CCLD     test-c-strcasecmp
  CC       test-c-strncasecmp.o
  CCLD     test-c-strncasecmp
  CC       test-close.o
  CCLD     test-close
  CC       test-dirname.o
  CCLD     test-dirname
  CC       test-dup2.o
  CCLD     test-dup2
  CC       test-environ.o
  CCLD     test-environ
  CC       test-errno.o
  CCLD     test-errno
  CC       test-exclude.o
  CCLD     test-exclude
  CC       test-fcntl-h.o
  CCLD     test-fcntl-h
  CC       test-fcntl.o
  CCLD     test-fcntl
  CC       test-fdopen.o
  CCLD     test-fdopen
  CC       test-fgetc.o
  CCLD     test-fgetc
  CC       test-filenamecat.o
  CCLD     test-filenamecat
  CC       test-float.o
  CCLD     test-float
  CC       test-fnmatch.o
  CCLD     test-fnmatch
  CC       test-fputc.o
  CCLD     test-fputc
  CC       test-fread.o
  CCLD     test-fread
  CC       test-freopen-safer.o
  CCLD     test-freopen-safer
  CC       test-freopen.o
  CCLD     test-freopen
  CC       test-fstat.o
  CCLD     test-fstat
  CC       test-fwrite.o
  CCLD     test-fwrite
  CC       test-getcwd-lgpl.o
  CCLD     test-getcwd-lgpl
  CC       test-getdtablesize.o
  CCLD     test-getdtablesize
  CC       test-getopt.o
  CCLD     test-getopt
  CC       test-gettimeofday.o
  CCLD     test-gettimeofday
  CC       test-hash.o
  CCLD     test-hash
  CC       test-iconv-h.o
  CCLD     test-iconv-h
  CC       test-iconv.o
  CCLD     test-iconv
  CC       test-ignore-value.o
  CCLD     test-ignore-value
  CC       test-intprops.o
  CCLD     test-intprops
  CC       test-inttostr.o
  CCLD     test-inttostr
  CC       test-inttypes.o
  CCLD     test-inttypes
  CC       test-iswblank.o
  CCLD     test-iswblank
  CC       test-langinfo.o
  CCLD     test-langinfo
  CC       test-locale.o
  CCLD     test-locale
  CC       test-localeconv.o
  CCLD     test-localeconv
  CC       test-lstat.o
  CCLD     test-lstat
  CC       test-malloc-gnu.o
  CCLD     test-malloc-gnu
  CC       test-malloca.o
  CCLD     test-malloca
  CC       test-mbrtowc.o
  CCLD     test-mbrtowc
  CC       test-mbrtowc-w32.o
  CCLD     test-mbrtowc-w32
  CC       test-mbscasecmp.o
  CCLD     test-mbscasecmp
  CC       test-mbsinit.o
  CCLD     test-mbsinit
  CC       test-mbsrtowcs.o
  CCLD     test-mbsrtowcs
  CC       test-mbsstr1.o
  CCLD     test-mbsstr1
  CC       test-mbsstr2.o
  CCLD     test-mbsstr2
  CC       test-mbsstr3.o
  CCLD     test-mbsstr3
  CC       test-memchr.o
  CCLD     test-memchr
  CC       test-nl_langinfo.o
  CCLD     test-nl_langinfo
  CC       test-open.o
  CCLD     test-open
  CC       test-pathmax.o
  CCLD     test-pathmax
  CC       test-quotearg-simple.o
  CCLD     test-quotearg-simple
  CC       test-raise.o
  CCLD     test-raise
  CC       test-readlink.o
  CCLD     test-readlink
  CC       test-regex.o
  CCLD     test-regex
  CC       test-setenv.o
  CCLD     test-setenv
  CC       test-setlocale1.o
  CCLD     test-setlocale1
  CC       test-setlocale2.o
  CCLD     test-setlocale2
  CC       test-sh-quote.o
  CCLD     test-sh-quote
  CC       test-sigaction.o
  CCLD     test-sigaction
  CC       test-signal-h.o
  CCLD     test-signal-h
  CC       test-sigprocmask.o
  CCLD     test-sigprocmask
  CC       test-sleep.o
  CCLD     test-sleep
  CC       test-snprintf.o
  CCLD     test-snprintf
  CC       test-stat.o
  CCLD     test-stat
  CC       test-stat-time.o
  CCLD     test-stat-time
  CC       test-stdbool.o
  CCLD     test-stdbool
  CC       test-stddef.o
  CCLD     test-stddef
  CC       test-stdint.o
  CCLD     test-stdint
  CC       test-stdio.o
  CCLD     test-stdio
  CC       test-stdlib.o
  CCLD     test-stdlib
  CC       test-strerror.o
  CCLD     test-strerror
  CC       test-strftime.o
  CCLD     test-strftime
  CC       test-striconv.o
  CCLD     test-striconv
  CC       test-string.o
  CCLD     test-string
  CC       test-strings.o
  CCLD     test-strings
  CC       test-strnlen.o
  CCLD     test-strnlen
  CC       test-strtoull.o
  CCLD     test-strtoull
  CC       test-strtoumax.o
  CCLD     test-strtoumax
  CC       test-symlink.o
  CCLD     test-symlink
  CC       test-sys_stat.o
  CCLD     test-sys_stat
  CC       test-sys_time.o
  CCLD     test-sys_time
  CC       test-sys_types.o
  CCLD     test-sys_types
  CC       test-sys_wait.o
  CCLD     test-sys_wait
  CC       test-time.o
  CCLD     test-time
  CC       test-unistd.o
  CCLD     test-unistd
  CC       unistr/test-u8-mbtoucr.o
  CCLD     test-u8-mbtoucr
  CC       unistr/test-u8-uctomb.o
  CCLD     test-u8-uctomb
  CC       uniwidth/test-uc_width.o
  CCLD     test-uc_width
  CC       uniwidth/test-uc_width2.o
  CCLD     test-uc_width2
  CC       test-unsetenv.o
  CCLD     test-unsetenv
  CC       test-usleep.o
  CCLD     test-usleep
  CC       test-vasnprintf.o
  CCLD     test-vasnprintf
  CC       test-vasprintf.o
  CCLD     test-vasprintf
  CC       test-verify.o
  CCLD     test-verify
  CC       test-version-etc.o
  CCLD     test-version-etc
  CC       test-wchar.o
  CCLD     test-wchar
  CC       test-wcrtomb.o
  CCLD     test-wcrtomb
  CC       test-wcrtomb-w32.o
  CCLD     test-wcrtomb-w32
  CC       test-wctype-h.o
  CCLD     test-wctype-h
  CC       test-wcwidth.o
  CCLD     test-wcwidth
  CC       test-xalloc-die.o
  CCLD     test-xalloc-die
  CC       test-xstrtol.o
  CCLD     test-xstrtol
  CC       test-xstrtoul.o
  CCLD     test-xstrtoul
  CC       test-xstrtoumax.o
  CCLD     test-xstrtoumax
  CC       test-xvasprintf.o
  CCLD     test-xvasprintf
make[4]: Leaving directory '/builddir/build/BUILD/diffutils-3.3/gnulib-tests'
make  check-TESTS
make[4]: Entering directory '/builddir/build/BUILD/diffutils-3.3/gnulib-tests'
make[5]: Entering directory '/builddir/build/BUILD/diffutils-3.3/gnulib-tests'
PASS: test-alloca-opt
PASS: test-areadlink
PASS: test-argmatch
PASS: test-binary-io.sh
PASS: test-bitrotate
PASS: test-btowc1.sh
PASS: test-btowc2.sh
PASS: test-c-ctype
PASS: test-c-stack.sh
SKIP: test-c-stack2.sh
PASS: test-c-strcase.sh
PASS: test-close
PASS: test-dirname
PASS: test-dup2
PASS: test-environ
PASS: test-errno
PASS: test-exclude1.sh
PASS: test-exclude2.sh
PASS: test-exclude3.sh
PASS: test-exclude4.sh
PASS: test-exclude5.sh
PASS: test-exclude6.sh
PASS: test-exclude7.sh
PASS: test-exclude8.sh
PASS: test-fcntl-h
PASS: test-fcntl
PASS: test-fdopen
PASS: test-fgetc
PASS: test-filenamecat
PASS: test-float
PASS: test-fnmatch
PASS: test-fputc
PASS: test-fread
PASS: test-freopen-safer
PASS: test-freopen
PASS: test-fstat
PASS: test-fwrite
PASS: test-getcwd-lgpl
PASS: test-getdtablesize
PASS: test-getopt
PASS: test-gettimeofday
PASS: test-hash
PASS: test-iconv-h
PASS: test-iconv
PASS: test-ignore-value
PASS: test-intprops
PASS: test-inttostr
PASS: test-inttypes
PASS: test-iswblank
PASS: test-langinfo
PASS: test-locale
PASS: test-localeconv
PASS: test-lstat
PASS: test-malloc-gnu
PASS: test-malloca
PASS: test-mbrtowc1.sh
PASS: test-mbrtowc2.sh
PASS: test-mbrtowc3.sh
PASS: test-mbrtowc4.sh
SKIP: test-mbrtowc-w32-1.sh
SKIP: test-mbrtowc-w32-2.sh
SKIP: test-mbrtowc-w32-3.sh
SKIP: test-mbrtowc-w32-4.sh
SKIP: test-mbrtowc-w32-5.sh
PASS: test-mbscasecmp.sh
PASS: test-mbsinit.sh
PASS: test-mbsrtowcs1.sh
PASS: test-mbsrtowcs2.sh
PASS: test-mbsrtowcs3.sh
PASS: test-mbsrtowcs4.sh
PASS: test-mbsstr1
PASS: test-mbsstr2.sh
PASS: test-mbsstr3.sh
PASS: test-memchr
PASS: test-nl_langinfo.sh
PASS: test-open
PASS: test-pathmax
PASS: test-quotearg-simple
PASS: test-raise
PASS: test-readlink
PASS: test-regex
PASS: test-setenv
PASS: test-setlocale1.sh
PASS: test-setlocale2.sh
PASS: test-sh-quote
PASS: test-sigaction
PASS: test-signal-h
PASS: test-sigprocmask
PASS: test-sleep
PASS: test-snprintf
PASS: test-stat
PASS: test-stat-time
PASS: test-stdbool
PASS: test-stddef
PASS: test-stdint
PASS: test-stdio
PASS: test-stdlib
PASS: test-strerror
PASS: test-strftime
PASS: test-striconv
PASS: test-string
PASS: test-strings
PASS: test-strnlen
PASS: test-strtoull
PASS: test-strtoumax
PASS: test-symlink
PASS: test-sys_stat
PASS: test-sys_time
PASS: test-sys_types
PASS: test-sys_wait
PASS: test-init.sh
PASS: test-time
PASS: test-unistd
PASS: test-u8-mbtoucr
PASS: test-u8-uctomb
PASS: test-uc_width
PASS: uniwidth/test-uc_width2.sh
PASS: test-unsetenv
FAIL: test-update-copyright.sh
PASS: test-usleep
PASS: test-vasnprintf
PASS: test-vasprintf
SKIP: test-vc-list-files-git.sh
SKIP: test-vc-list-files-cvs.sh
PASS: test-verify
PASS: test-verify.sh
PASS: test-version-etc.sh
PASS: test-wchar
PASS: test-wcrtomb.sh
SKIP: test-wcrtomb-w32-1.sh
SKIP: test-wcrtomb-w32-2.sh
SKIP: test-wcrtomb-w32-3.sh
SKIP: test-wcrtomb-w32-4.sh
SKIP: test-wcrtomb-w32-5.sh
PASS: test-wctype-h
PASS: test-wcwidth
PASS: test-xalloc-die.sh
PASS: test-xstrtol.sh
PASS: test-xstrtoumax.sh
PASS: test-xvasprintf
====================================================
   GNU diffutils 3.3: gnulib-tests/test-suite.log
====================================================
# TOTAL: 140
# PASS:  126
# SKIP:  13
# XFAIL: 0
# FAIL:  1
# XPASS: 0
# ERROR: 0
.. contents:: :depth: 2
SKIP: test-c-stack2.sh
======================
cannot tell stack overflow from crash; consider installing libsigsegv
SKIP: test-mbrtowc-w32-1.sh
===========================
Skipping test: not a native Windows system
SKIP: test-mbrtowc-w32-2.sh
===========================
Skipping test: not a native Windows system
SKIP: test-mbrtowc-w32-3.sh
===========================
Skipping test: not a native Windows system
SKIP: test-mbrtowc-w32-4.sh
===========================
Skipping test: not a native Windows system
SKIP: test-mbrtowc-w32-5.sh
===========================
Skipping test: not a native Windows system
FAIL: test-update-copyright.sh
==============================
--- -	2015-06-17 04:21:33.094322450 +0000
+++ update-copyright.test-ex-stderr	2015-06-17 04:21:33.090376504 +0000
@@ -1,2 +1,18 @@
+Unescaped left brace in regex is deprecated, passed through in regex; marked by <-- HERE in m/\G(?:(?:[ \t\r\f]*(?:[ \t\r\f]|\n)[ \t\r\f]*)(?:\([cC]\)|@copyright{ <-- HERE }|&copy;))?(?:[ \t\r\f]*(?:[ \t\r\f]|\n)[ \t\r\f]*)(?:(?:\d\d)?\d\d(?:,(?:[ \t\r\f]*(?:[ \t\r\f]|\n)[ \t\r\f]*)?|-))*((?:\d\d)?\d\d)(?:[ \t\r\f]*(?:[ \t\r\f]|\n)[ \t\r\f]*)Free(?:[ \t\r\f]*(?:[ \t\r\f]|\n)[ \t\r\f]*)Software(?:[ \t\r\f]*(?:[ \t\r\f]|\n)[ \t\r\f]*)Foundation,(?:[ \t\r\f]*(?:[ \t\r\f]|\n)[ \t\r\f]*)Inc./ at /builddir/build/BUILD/diffutils-3.3/build-aux/update-copyright line 174, <> chunk 1.
+Unescaped left brace in regex is deprecated, passed through in regex; marked by <-- HERE in m/(Copyright(?:(?:[ \t\r\f]*(?:[ \t\r\f]|\n)[ \t\r\f]*)(?:\([cC]\)|@copyright{ <-- HERE }|&copy;))?(?:[ \t\r\f]*(?:[ \t\r\f]|\n)[ \t\r\f]*)(?:(?:\d\d)?\d\d(?:,(?:[ \t\r\f]*(?:[ \t\r\f]|\n)[ \t\r\f]*)?|-))*((?:\d\d)?\d\d)(?:[ \t\r\f]*(?:[ \t\r\f]|\n)[ \t\r\f]*)Free(?:[ \t\r\f]*(?:[ \t\r\f]|\n)[ \t\r\f]*)Software(?:[ \t\r\f]*(?:[ \t\r\f]|\n)[ \t\r\f]*)Foundation,(?:[ \t\r\f]*(?:[ \t\r\f]|\n)[ \t\r\f]*)Inc.)/ at /builddir/build/BUILD/diffutils-3.3/build-aux/update-copyright line 183, <> chunk 1.
+Unescaped left brace in regex is deprecated, passed through in regex; marked by <-- HERE in m/\G(?:(?:[ \t\r\f]*(?:[ \t\r\f]|\n\#\ )[ \t\r\f]*)(?:\([cC]\)|@copyright{ <-- HERE }|&copy;))?(?:[ \t\r\f]*(?:[ \t\r\f]|\n\#\ )[ \t\r\f]*)(?:(?:\d\d)?\d\d(?:,(?:[ \t\r\f]*(?:[ \t\r\f]|\n\#\ )[ \t\r\f]*)?|-))*((?:\d\d)?\d\d)(?:[ \t\r\f]*(?:[ \t\r\f]|\n\#\ )[ \t\r\f]*)Free(?:[ \t\r\f]*(?:[ \t\r\f]|\n\#\ )[ \t\r\f]*)Software(?:[ \t\r\f]*(?:[ \t\r\f]|\n\#\ )[ \t\r\f]*)Foundation,(?:[ \t\r\f]*(?:[ \t\r\f]|\n\#\ )[ \t\r\f]*)Inc./ at /builddir/build/BUILD/diffutils-3.3/build-aux/update-copyright line 174, <> chunk 2.
+Unescaped left brace in regex is deprecated, passed through in regex; marked by <-- HERE in m/\#\ (Copyright(?:(?:[ \t\r\f]*(?:[ \t\r\f]|\n\#\ )[ \t\r\f]*)(?:\([cC]\)|@copyright{ <-- HERE }|&copy;))?(?:[ \t\r\f]*(?:[ \t\r\f]|\n\#\ )[ \t\r\f]*)(?:(?:\d\d)?\d\d(?:,(?:[ \t\r\f]*(?:[ \t\r\f]|\n\#\ )[ \t\r\f]*)?|-))*((?:\d\d)?\d\d)(?:[ \t\r\f]*(?:[ \t\r\f]|\n\#\ )[ \t\r\f]*)Free(?:[ \t\r\f]*(?:[ \t\r\f]|\n\#\ )[ \t\r\f]*)Software(?:[ \t\r\f]*(?:[ \t\r\f]|\n\#\ )[ \t\r\f]*)Foundation,(?:[ \t\r\f]*(?:[ \t\r\f]|\n\#\ )[ \t\r\f]*)Inc.)/ at /builddir/build/BUILD/diffutils-3.3/build-aux/update-copyright line 183, <> chunk 2.
+Unescaped left brace in regex is deprecated, passed through in regex; marked by <-- HERE in m/\G(?:(?:[ \t\r\f]*(?:[ \t\r\f]|\n\ \*\ )[ \t\r\f]*)(?:\([cC]\)|@copyright{ <-- HERE }|&copy;))?(?:[ \t\r\f]*(?:[ \t\r\f]|\n\ \*\ )[ \t\r\f]*)(?:(?:\d\d)?\d\d(?:,(?:[ \t\r\f]*(?:[ \t\r\f]|\n\ \*\ )[ \t\r\f]*)?|-))*((?:\d\d)?\d\d)(?:[ \t\r\f]*(?:[ \t\r\f]|\n\ \*\ )[ \t\r\f]*)Free(?:[ \t\r\f]*(?:[ \t\r\f]|\n\ \*\ )[ \t\r\f]*)Software(?:[ \t\r\f]*(?:[ \t\r\f]|\n\ \*\ )[ \t\r\f]*)Foundation,(?:[ \t\r\f]*(?:[ \t\r\f]|\n\ \*\ )[ \t\r\f]*)Inc./ at /builddir/build/BUILD/diffutils-3.3/build-aux/update-copyright line 174, <> chunk 3.
+Unescaped left brace in regex is deprecated, passed through in regex; marked by <-- HERE in m/\
+\ \*\ (Copyright(?:(?:[ \t\r\f]*(?:[ \t\r\f]|\n\ \*\ )[ \t\r\f]*)(?:\([cC]\)|@copyright{ <-- HERE }|&copy;))?(?:[ \t\r\f]*(?:[ \t\r\f]|\n\ \*\ )[ \t\r\f]*)(?:(?:\d\d)?\d\d(?:,(?:[ \t\r\f]*(?:[ \t\r\f]|\n\ \*\ )[ \t\r\f]*)?|-))*((?:\d\d)?\d\d)(?:[ \t\r\f]*(?:[ \t\r\f]|\n\ \*\ )[ \t\r\f]*)Free(?:[ \t\r\f]*(?:[ \t\r\f]|\n\ \*\ )[ \t\r\f]*)Software(?:[ \t\r\f]*(?:[ \t\r\f]|\n\ \*\ )[ \t\r\f]*)Foundation,(?:[ \t\r\f]*(?:[ \t\r\f]|\n\ \*\ )[ \t\r\f]*)Inc.)/ at /builddir/build/BUILD/diffutils-3.3/build-aux/update-copyright line 183, <> chunk 3.
+Unescaped left brace in regex is deprecated, passed through in regex; marked by <-- HERE in m/\G(?:(?:[ \t\r\f]*(?:[ \t\r\f]|\n\#\#\ )[ \t\r\f]*)(?:\([cC]\)|@copyright{ <-- HERE }|&copy;))?(?:[ \t\r\f]*(?:[ \t\r\f]|\n\#\#\ )[ \t\r\f]*)(?:(?:\d\d)?\d\d(?:,(?:[ \t\r\f]*(?:[ \t\r\f]|\n\#\#\ )[ \t\r\f]*)?|-))*((?:\d\d)?\d\d)(?:[ \t\r\f]*(?:[ \t\r\f]|\n\#\#\ )[ \t\r\f]*)Free(?:[ \t\r\f]*(?:[ \t\r\f]|\n\#\#\ )[ \t\r\f]*)Software(?:[ \t\r\f]*(?:[ \t\r\f]|\n\#\#\ )[ \t\r\f]*)Foundation,(?:[ \t\r\f]*(?:[ \t\r\f]|\n\#\#\ )[ \t\r\f]*)Inc./ at /builddir/build/BUILD/diffutils-3.3/build-aux/update-copyright line 174, <> chunk 4.
 update-copyright.test-ex.4: warning: copyright statement not found
+Unescaped left brace in regex is deprecated, passed through in regex; marked by <-- HERE in m/\G(?:(?:[ \t\r\f]*(?:[ \t\r\f]|\n)[ \t\r\f]*)(?:\([cC]\)|@copyright{ <-- HERE }|&copy;))?(?:[ \t\r\f]*(?:[ \t\r\f]|\n)[ \t\r\f]*)(?:(?:\d\d)?\d\d(?:,(?:[ \t\r\f]*(?:[ \t\r\f]|\n)[ \t\r\f]*)?|-))*((?:\d\d)?\d\d)(?:[ \t\r\f]*(?:[ \t\r\f]|\n)[ \t\r\f]*)Free(?:[ \t\r\f]*(?:[ \t\r\f]|\n)[ \t\r\f]*)Software(?:[ \t\r\f]*(?:[ \t\r\f]|\n)[ \t\r\f]*)Foundation,(?:[ \t\r\f]*(?:[ \t\r\f]|\n)[ \t\r\f]*)Inc./ at /builddir/build/BUILD/diffutils-3.3/build-aux/update-copyright line 174, <> chunk 5.
 update-copyright.test-ex.5: warning: copyright statement not found
+Unescaped left brace in regex is deprecated, passed through in regex; marked by <-- HERE in m/\G(?:(?:[ \t\r\f]*(?:[ \t\r\f]|\n\#\#\ )[ \t\r\f]*)(?:\([cC]\)|@copyright{ <-- HERE }|&copy;))?(?:[ \t\r\f]*(?:[ \t\r\f]|\n\#\#\ )[ \t\r\f]*)(?:(?:\d\d)?\d\d(?:,(?:[ \t\r\f]*(?:[ \t\r\f]|\n\#\#\ )[ \t\r\f]*)?|-))*((?:\d\d)?\d\d)(?:[ \t\r\f]*(?:[ \t\r\f]|\n\#\#\ )[ \t\r\f]*)Free(?:[ \t\r\f]*(?:[ \t\r\f]|\n\#\#\ )[ \t\r\f]*)Software(?:[ \t\r\f]*(?:[ \t\r\f]|\n\#\#\ )[ \t\r\f]*)Foundation,(?:[ \t\r\f]*(?:[ \t\r\f]|\n\#\#\ )[ \t\r\f]*)Inc./ at /builddir/build/BUILD/diffutils-3.3/build-aux/update-copyright line 174, <> chunk 6.
+Unescaped left brace in regex is deprecated, passed through in regex; marked by <-- HERE in m/\G(?:(?:[ \t\r\f]*(?:[ \t\r\f]|\n)[ \t\r\f]*)(?:\([cC]\)|@copyright{ <-- HERE }|&copy;))?(?:[ \t\r\f]*(?:[ \t\r\f]|\n)[ \t\r\f]*)(?:(?:\d\d)?\d\d(?:,(?:[ \t\r\f]*(?:[ \t\r\f]|\n)[ \t\r\f]*)?|-))*((?:\d\d)?\d\d)(?:[ \t\r\f]*(?:[ \t\r\f]|\n)[ \t\r\f]*)Free(?:[ \t\r\f]*(?:[ \t\r\f]|\n)[ \t\r\f]*)Software(?:[ \t\r\f]*(?:[ \t\r\f]|\n)[ \t\r\f]*)Foundation,(?:[ \t\r\f]*(?:[ \t\r\f]|\n)[ \t\r\f]*)Inc./ at /builddir/build/BUILD/diffutils-3.3/build-aux/update-copyright line 174, <> chunk 6.
+Unescaped left brace in regex is deprecated, passed through in regex; marked by <-- HERE in m/\
+(Copyright(?:(?:[ \t\r\f]*(?:[ \t\r\f]|\n)[ \t\r\f]*)(?:\([cC]\)|@copyright{ <-- HERE }|&copy;))?(?:[ \t\r\f]*(?:[ \t\r\f]|\n)[ \t\r\f]*)(?:(?:\d\d)?\d\d(?:,(?:[ \t\r\f]*(?:[ \t\r\f]|\n)[ \t\r\f]*)?|-))*((?:\d\d)?\d\d)(?:[ \t\r\f]*(?:[ \t\r\f]|\n)[ \t\r\f]*)Free(?:[ \t\r\f]*(?:[ \t\r\f]|\n)[ \t\r\f]*)Software(?:[ \t\r\f]*(?:[ \t\r\f]|\n)[ \t\r\f]*)Foundation,(?:[ \t\r\f]*(?:[ \t\r\f]|\n)[ \t\r\f]*)Inc.)/ at /builddir/build/BUILD/diffutils-3.3/build-aux/update-copyright line 183, <> chunk 6.
+Unescaped left brace in regex is deprecated, passed through in regex; marked by <-- HERE in m/\G(?:(?:[ \t\r\f]*(?:[ \t\r\f]|\n\#\ )[ \t\r\f]*)(?:\([cC]\)|@copyright{ <-- HERE }|&copy;))?(?:[ \t\r\f]*(?:[ \t\r\f]|\n\#\ )[ \t\r\f]*)(?:(?:\d\d)?\d\d(?:,(?:[ \t\r\f]*(?:[ \t\r\f]|\n\#\ )[ \t\r\f]*)?|-))*((?:\d\d)?\d\d)(?:[ \t\r\f]*(?:[ \t\r\f]|\n\#\ )[ \t\r\f]*)Free(?:[ \t\r\f]*(?:[ \t\r\f]|\n\#\ )[ \t\r\f]*)Software(?:[ \t\r\f]*(?:[ \t\r\f]|\n\#\ )[ \t\r\f]*)Foundation,(?:[ \t\r\f]*(?:[ \t\r\f]|\n\#\ )[ \t\r\f]*)Inc./ at /builddir/build/BUILD/diffutils-3.3/build-aux/update-copyright line 174, <> chunk 7.
+Unescaped left brace in regex is deprecated, passed through in regex; marked by <-- HERE in m/\
+\#\ (Copyright(?:(?:[ \t\r\f]*(?:[ \t\r\f]|\n\#\ )[ \t\r\f]*)(?:\([cC]\)|@copyright{ <-- HERE }|&copy;))?(?:[ \t\r\f]*(?:[ \t\r\f]|\n\#\ )[ \t\r\f]*)(?:(?:\d\d)?\d\d(?:,(?:[ \t\r\f]*(?:[ \t\r\f]|\n\#\ )[ \t\r\f]*)?|-))*((?:\d\d)?\d\d)(?:[ \t\r\f]*(?:[ \t\r\f]|\n\#\ )[ \t\r\f]*)Free(?:[ \t\r\f]*(?:[ \t\r\f]|\n\#\ )[ \t\r\f]*)Software(?:[ \t\r\f]*(?:[ \t\r\f]|\n\#\ )[ \t\r\f]*)Foundation,(?:[ \t\r\f]*(?:[ \t\r\f]|\n\#\ )[ \t\r\f]*)Inc.)/ at /builddir/build/BUILD/diffutils-3.3/build-aux/update-copyright line 183, <> chunk 7.
SKIP: test-vc-list-files-git.sh
===============================
++ initial_cwd_=/builddir/build/BUILD/diffutils-3.3/gnulib-tests
++ fail=0
+++ testdir_prefix_
+++ printf gt
++ pfx_=gt
+++ mktempd_ /builddir/build/BUILD/diffutils-3.3/gnulib-tests gt-test-vc-list-files-git.sh.XXXX
+++ case $# in
+++ destdir_=/builddir/build/BUILD/diffutils-3.3/gnulib-tests
+++ template_=gt-test-vc-list-files-git.sh.XXXX
+++ MAX_TRIES_=4
+++ case $destdir_ in
+++ case $template_ in
++++ unset TMPDIR
+++ d=/builddir/build/BUILD/diffutils-3.3/gnulib-tests/gt-test-vc-list-files-git.sh.iMxX
+++ case $d in
+++ test -d /builddir/build/BUILD/diffutils-3.3/gnulib-tests/gt-test-vc-list-files-git.sh.iMxX
++++ ls -dgo /builddir/build/BUILD/diffutils-3.3/gnulib-tests/gt-test-vc-list-files-git.sh.iMxX
++++ tr S -
+++ perms='drwx------. 2 4096 Jun 17 04:21 /builddir/build/BUILD/diffutils-3.3/gnulib-tests/gt-test-vc-list-files-git.sh.iMxX'
+++ case $perms in
+++ test 0 = 0
+++ echo /builddir/build/BUILD/diffutils-3.3/gnulib-tests/gt-test-vc-list-files-git.sh.iMxX
+++ return
++ test_dir_=/builddir/build/BUILD/diffutils-3.3/gnulib-tests/gt-test-vc-list-files-git.sh.iMxX
++ cd /builddir/build/BUILD/diffutils-3.3/gnulib-tests/gt-test-vc-list-files-git.sh.iMxX
++ gl_init_sh_nl_='
'
++ IFS=' 	
'
++ for sig_ in 1 2 3 13 15
+++ expr 1 + 128
++ eval 'trap '\''Exit 129'\'' 1'
+++ trap 'Exit 129' 1
++ for sig_ in 1 2 3 13 15
+++ expr 2 + 128
++ eval 'trap '\''Exit 130'\'' 2'
+++ trap 'Exit 130' 2
++ for sig_ in 1 2 3 13 15
+++ expr 3 + 128
++ eval 'trap '\''Exit 131'\'' 3'
+++ trap 'Exit 131' 3
++ for sig_ in 1 2 3 13 15
+++ expr 13 + 128
++ eval 'trap '\''Exit 141'\'' 13'
+++ trap 'Exit 141' 13
++ for sig_ in 1 2 3 13 15
+++ expr 15 + 128
++ eval 'trap '\''Exit 143'\'' 15'
+++ trap 'Exit 143' 15
++ trap remove_tmp_ 0
+ path_prepend_ /builddir/build/BUILD/diffutils-3.3/build-aux .
+ test 2 '!=' 0
+ path_dir_=/builddir/build/BUILD/diffutils-3.3/build-aux
+ case $path_dir_ in
+ abs_path_dir_=/builddir/build/BUILD/diffutils-3.3/build-aux
+ case $abs_path_dir_ in
+ PATH=/builddir/build/BUILD/diffutils-3.3/build-aux:/usr/bin:/bin:/usr/sbin:/sbin:/usr/local/sbin
+ create_exe_shims_ /builddir/build/BUILD/diffutils-3.3/build-aux
+ case $EXEEXT in
+ return 0
+ shift
+ test 1 '!=' 0
+ path_dir_=.
+ case $path_dir_ in
+ abs_path_dir_=/builddir/build/BUILD/diffutils-3.3/gnulib-tests/.
+ case $abs_path_dir_ in
+ PATH=/builddir/build/BUILD/diffutils-3.3/gnulib-tests/.:/builddir/build/BUILD/diffutils-3.3/build-aux:/usr/bin:/bin:/usr/sbin:/sbin:/usr/local/sbin
+ create_exe_shims_ /builddir/build/BUILD/diffutils-3.3/gnulib-tests/.
+ case $EXEEXT in
+ return 0
+ shift
+ test 0 '!=' 0
+ export PATH
+ tmpdir=vc-git-25609
+ GIT_DIR=
+ GIT_WORK_TREE=
+ unset GIT_DIR GIT_WORK_TREE
+ fail=1
+ mkdir vc-git-25609
+ cd vc-git-25609
+ skip_ 'git not found in PATH'
+ warn_ 'test-vc-list-files-git.sh: skipped test: git not found in PATH'
+ case $IFS in
+ printf '%s\n' 'test-vc-list-files-git.sh: skipped test: git not found in PATH'
test-vc-list-files-git.sh: skipped test: git not found in PATH
+ test 2 = 2
+ Exit 77
+ set +e
+ exit 77
+ exit 77
+ remove_tmp_
+ __st=77
+ cleanup_
+ :
+ cd /builddir/build/BUILD/diffutils-3.3/gnulib-tests
+ chmod -R u+rwx /builddir/build/BUILD/diffutils-3.3/gnulib-tests/gt-test-vc-list-files-git.sh.iMxX
+ rm -rf /builddir/build/BUILD/diffutils-3.3/gnulib-tests/gt-test-vc-list-files-git.sh.iMxX
+ exit 77
SKIP: test-vc-list-files-cvs.sh
===============================
++ initial_cwd_=/builddir/build/BUILD/diffutils-3.3/gnulib-tests
++ fail=0
+++ testdir_prefix_
+++ printf gt
++ pfx_=gt
+++ mktempd_ /builddir/build/BUILD/diffutils-3.3/gnulib-tests gt-test-vc-list-files-cvs.sh.XXXX
+++ case $# in
+++ destdir_=/builddir/build/BUILD/diffutils-3.3/gnulib-tests
+++ template_=gt-test-vc-list-files-cvs.sh.XXXX
+++ MAX_TRIES_=4
+++ case $destdir_ in
+++ case $template_ in
++++ unset TMPDIR
+++ d=/builddir/build/BUILD/diffutils-3.3/gnulib-tests/gt-test-vc-list-files-cvs.sh.CWLZ
+++ case $d in
+++ test -d /builddir/build/BUILD/diffutils-3.3/gnulib-tests/gt-test-vc-list-files-cvs.sh.CWLZ
++++ ls -dgo /builddir/build/BUILD/diffutils-3.3/gnulib-tests/gt-test-vc-list-files-cvs.sh.CWLZ
++++ tr S -
+++ perms='drwx------. 2 4096 Jun 17 04:21 /builddir/build/BUILD/diffutils-3.3/gnulib-tests/gt-test-vc-list-files-cvs.sh.CWLZ'
+++ case $perms in
+++ test 0 = 0
+++ echo /builddir/build/BUILD/diffutils-3.3/gnulib-tests/gt-test-vc-list-files-cvs.sh.CWLZ
+++ return
++ test_dir_=/builddir/build/BUILD/diffutils-3.3/gnulib-tests/gt-test-vc-list-files-cvs.sh.CWLZ
++ cd /builddir/build/BUILD/diffutils-3.3/gnulib-tests/gt-test-vc-list-files-cvs.sh.CWLZ
++ gl_init_sh_nl_='
'
++ IFS=' 	
'
++ for sig_ in 1 2 3 13 15
+++ expr 1 + 128
++ eval 'trap '\''Exit 129'\'' 1'
+++ trap 'Exit 129' 1
++ for sig_ in 1 2 3 13 15
+++ expr 2 + 128
++ eval 'trap '\''Exit 130'\'' 2'
+++ trap 'Exit 130' 2
++ for sig_ in 1 2 3 13 15
+++ expr 3 + 128
++ eval 'trap '\''Exit 131'\'' 3'
+++ trap 'Exit 131' 3
++ for sig_ in 1 2 3 13 15
+++ expr 13 + 128
++ eval 'trap '\''Exit 141'\'' 13'
+++ trap 'Exit 141' 13
++ for sig_ in 1 2 3 13 15
+++ expr 15 + 128
++ eval 'trap '\''Exit 143'\'' 15'
+++ trap 'Exit 143' 15
++ trap remove_tmp_ 0
+ path_prepend_ /builddir/build/BUILD/diffutils-3.3/build-aux .
+ test 2 '!=' 0
+ path_dir_=/builddir/build/BUILD/diffutils-3.3/build-aux
+ case $path_dir_ in
+ abs_path_dir_=/builddir/build/BUILD/diffutils-3.3/build-aux
+ case $abs_path_dir_ in
+ PATH=/builddir/build/BUILD/diffutils-3.3/build-aux:/usr/bin:/bin:/usr/sbin:/sbin:/usr/local/sbin
+ create_exe_shims_ /builddir/build/BUILD/diffutils-3.3/build-aux
+ case $EXEEXT in
+ return 0
+ shift
+ test 1 '!=' 0
+ path_dir_=.
+ case $path_dir_ in
+ abs_path_dir_=/builddir/build/BUILD/diffutils-3.3/gnulib-tests/.
+ case $abs_path_dir_ in
+ PATH=/builddir/build/BUILD/diffutils-3.3/gnulib-tests/.:/builddir/build/BUILD/diffutils-3.3/build-aux:/usr/bin:/bin:/usr/sbin:/sbin:/usr/local/sbin
+ create_exe_shims_ /builddir/build/BUILD/diffutils-3.3/gnulib-tests/.
+ case $EXEEXT in
+ return 0
+ shift
+ test 0 '!=' 0
+ export PATH
+ tmpdir=vc-cvs
++ pwd
+ repo=/builddir/build/BUILD/diffutils-3.3/gnulib-tests/gt-test-vc-list-files-cvs.sh.CWLZ/vc-cvs/repo
+ fail=0
+ for i in with-cvsu without
+ test with-cvsu = without
+ ok=0
+ mkdir vc-cvs
+ cd vc-cvs
+ skip_ 'cvs not found in PATH'
+ warn_ 'test-vc-list-files-cvs.sh: skipped test: cvs not found in PATH'
+ case $IFS in
+ printf '%s\n' 'test-vc-list-files-cvs.sh: skipped test: cvs not found in PATH'
test-vc-list-files-cvs.sh: skipped test: cvs not found in PATH
+ test 2 = 2
+ Exit 77
+ set +e
+ exit 77
+ exit 77
+ remove_tmp_
+ __st=77
+ cleanup_
+ :
+ cd /builddir/build/BUILD/diffutils-3.3/gnulib-tests
+ chmod -R u+rwx /builddir/build/BUILD/diffutils-3.3/gnulib-tests/gt-test-vc-list-files-cvs.sh.CWLZ
+ rm -rf /builddir/build/BUILD/diffutils-3.3/gnulib-tests/gt-test-vc-list-files-cvs.sh.CWLZ
+ exit 77
SKIP: test-wcrtomb-w32-1.sh
===========================
Skipping test: not a native Windows system
SKIP: test-wcrtomb-w32-2.sh
===========================
Skipping test: not a native Windows system
SKIP: test-wcrtomb-w32-3.sh
===========================
Skipping test: not a native Windows system
SKIP: test-wcrtomb-w32-4.sh
===========================
Skipping test: not a native Windows system
SKIP: test-wcrtomb-w32-5.sh
===========================
Skipping test: not a native Windows system
============================================================================
Testsuite summary for GNU diffutils 3.3
============================================================================
# TOTAL: 140
# PASS:  126
# SKIP:  13
# XFAIL: 0
# FAIL:  1
# XPASS: 0
# ERROR: 0
============================================================================
See gnulib-tests/test-suite.log
Please report to bug-diffutils@gnu.org
============================================================================
Makefile:3066: recipe for target 'test-suite.log' failed
make[5]: Leaving directory '/builddir/build/BUILD/diffutils-3.3/gnulib-tests'
Makefile:3172: recipe for target 'check-TESTS' failed
make[4]: Leaving directory '/builddir/build/BUILD/diffutils-3.3/gnulib-tests'
Makefile:4243: recipe for target 'check-am' failed
make[3]: Leaving directory '/builddir/build/BUILD/diffutils-3.3/gnulib-tests'
Makefile:2959: recipe for target 'check-recursive' failed
make[2]: Leaving directory '/builddir/build/BUILD/diffutils-3.3/gnulib-tests'
Makefile:4246: recipe for target 'check' failed
make[1]: Leaving directory '/builddir/build/BUILD/diffutils-3.3/gnulib-tests'
Makefile:1215: recipe for target 'check-recursive' failed
RPM build errors:
make[5]: *** [test-suite.log] Error 1
make[4]: *** [check-TESTS] Error 2
make[3]: *** [check-am] Error 2
make[2]: *** [check-recursive] Error 1
make[1]: *** [check] Error 2
make: *** [check-recursive] Error 1
error: Bad exit status from /var/tmp/rpm-tmp.gnqFAF (%check)
    Bad exit status from /var/tmp/rpm-tmp.gnqFAF (%check)
Child return code was: 1
EXCEPTION: Command failed. See logs for output.
 # bash --login -c /usr/bin/rpmbuild -bb --target x86_64 --nodeps  /builddir/build/SPECS/diffutils.spec 
Traceback (most recent call last):
  File "/usr/lib/python2.7/site-packages/mockbuild/trace_decorator.py", line 84, in trace
    result = func(*args, **kw)
  File "/usr/lib/python2.7/site-packages/mockbuild/util.py", line 494, in do
    raise exception.Error("Command failed. See logs for output.\n # %s" % (command,), child.returncode)
Error: Command failed. See logs for output.
 # bash --login -c /usr/bin/rpmbuild -bb --target x86_64 --nodeps  /builddir/build/SPECS/diffutils.spec 
LEAVE do --> EXCEPTION RAISED


